tensors_4_in_12_out_dataset.pkl:
Average Precision:
	Camera:	0.8734822869300842
	Boxes:	0.639454185962677
SIoU score:	0.4166571283982664

ADE:	123.44927215576172

PR_cams:
{'precision': <tf.Tensor: shape=(100,), dtype=float32, numpy=
array([0.28025618, 0.35656276, 0.41873977, 0.46002635, 0.4915319 ,
       0.52754146, 0.5641148 , 0.5961605 , 0.61991435, 0.63710266,
       0.6588905 , 0.66932106, 0.68018025, 0.6902917 , 0.6986321 ,
       0.7054916 , 0.7122128 , 0.71840435, 0.7237956 , 0.7333957 ,
       0.7414917 , 0.74876314, 0.7540684 , 0.76192135, 0.7651054 ,
       0.76905334, 0.77239275, 0.77808136, 0.78544927, 0.7884554 ,
       0.79200995, 0.8036646 , 0.81034327, 0.8147932 , 0.8178698 ,
       0.82083845, 0.8243018 , 0.8268999 , 0.829368  , 0.8318066 ,
       0.839852  , 0.8483928 , 0.8526542 , 0.856311  , 0.85902214,
       0.8614503 , 0.86430055, 0.8660244 , 0.870777  , 0.8725676 ,
       0.87428886, 0.87593985, 0.87757796, 0.8794019 , 0.8817602 ,
       0.8841882 , 0.88656396, 0.8887666 , 0.89091676, 0.89320236,
       0.8949645 , 0.90033996, 0.90194356, 0.90433675, 0.9063385 ,
       0.90843403, 0.91048443, 0.91279876, 0.91519773, 0.917372  ,
       0.9195504 , 0.92202234, 0.9249283 , 0.92743284, 0.9297267 ,
       0.93200034, 0.9341485 , 0.9362543 , 0.9385145 , 0.94059056,
       0.94241256, 0.94439524, 0.9468689 , 0.9497787 , 0.9552206 ,
       0.95876765, 0.9639739 , 0.96843547, 0.9708756 , 0.9744997 ,
       0.9769773 , 0.97863406, 0.97932756, 0.98427266, 0.9872527 ,
       0.9903977 , 0.99341625, 0.9954412 , 0.9939503 , 0.9966216 ],
      dtype=float32)>, 'recall': <tf.Tensor: shape=(100,), dtype=float32, numpy=
array([0.98603255, 0.98037606, 0.97492856, 0.9686598 , 0.96455115,
       0.96135306, 0.95797014, 0.9541716 , 0.95053595, 0.9477285 ,
       0.94261515, 0.9392813 , 0.9360591 , 0.9336301 , 0.93177265,
       0.9295298 , 0.92772007, 0.92559546, 0.9235992 , 0.9214868 ,
       0.9156114 , 0.9133203 , 0.910957  , 0.90792096, 0.90165484,
       0.8989609 , 0.8967403 , 0.89445716, 0.8920623 , 0.8895908 ,
       0.88725334, 0.88431495, 0.8768584 , 0.87449294, 0.8688838 ,
       0.8629155 , 0.86042476, 0.8580299 , 0.8557082 , 0.853556  ,
       0.85020983, 0.84217036, 0.84035975, 0.8382737 , 0.83620864,
       0.8324937 , 0.8302579 , 0.8217581 , 0.8190159 , 0.8159444 ,
       0.8121962 , 0.80887765, 0.8054825 , 0.8027955 , 0.79992634,
       0.79697657, 0.79395103, 0.79087996, 0.7873941 , 0.78414387,
       0.7795447 , 0.7758176 , 0.76635814, 0.762313  , 0.7581632 ,
       0.7534519 , 0.74764085, 0.7431643 , 0.73819065, 0.73289466,
       0.72670346, 0.71891755, 0.71301585, 0.70564514, 0.6971055 ,
       0.6882168 , 0.68099195, 0.6713609 , 0.6612713 , 0.64927423,
       0.6362589 , 0.6206845 , 0.6022269 , 0.57674813, 0.55118483,
       0.5180985 , 0.479127  , 0.43967724, 0.41043845, 0.37802914,
       0.3453768 , 0.30153325, 0.25516438, 0.21508658, 0.19029324,
       0.16438612, 0.14433168, 0.10978901, 0.06562621, 0.00348847],
      dtype=float32)>}

PR_parts:
{'precision': <tf.Tensor: shape=(100,), dtype=float32, numpy=
array([0.6394542, 0.6394542, 0.6394542, 0.6394542, 0.6394542, 0.6394542,
       0.6394542, 0.6394542, 0.6394542, 0.6394542, 0.6394542, 0.6394542,
       0.6394542, 0.6394542, 0.6394542, 0.6394542, 0.6394542, 0.6394542,
       0.6394542, 0.6394542, 0.6394542, 0.6394542, 0.6394542, 0.6394542,
       0.6394542, 0.6394542, 0.6394542, 0.6394542, 0.6394542, 0.6394542,
       0.6394542, 0.6394542, 0.6394542, 0.6394542, 0.6394542, 0.6394542,
       0.6394542, 0.6394542, 0.6394542, 0.6394542, 0.6394542, 0.6394542,
       0.6394542, 0.6394542, 0.6394542, 0.6394542, 0.6394542, 0.6394542,
       0.6394542, 0.6394542, 0.6394542, 0.6394542, 0.6394542, 0.6394542,
       0.6394542, 0.6394542, 0.6394542, 0.6394542, 0.6394542, 0.6394542,
       0.6394542, 0.6394542, 0.6394542, 0.6394542, 0.6394542, 0.6394542,
       0.6394542, 0.6394542, 0.6394542, 0.6394542, 0.6394542, 0.6394542,
       0.6394542, 0.6394542, 0.6394542, 0.6394542, 0.6394542, 0.6394542,
       0.6394542, 0.6394542, 0.6394542, 0.6394542, 0.6394542, 0.6394542,
       0.6394542, 0.6394542, 0.6394542, 0.6394542, 0.6394542, 0.6394542,
       0.6394542, 0.6394542, 0.6394542, 0.6394542, 0.6394542, 0.6394542,
       0.6394542, 0.6394542, 0.6394542, 0.6394542], dtype=float32)>, 'recall': <tf.Tensor: shape=(100,), dtype=float32, numpy=
array([0.6394542, 0.6394542, 0.6394542, 0.6394542, 0.6394542, 0.6394542,
       0.6394542, 0.6394542, 0.6394542, 0.6394542, 0.6394542, 0.6394542,
       0.6394542, 0.6394542, 0.6394542, 0.6394542, 0.6394542, 0.6394542,
       0.6394542, 0.6394542, 0.6394542, 0.6394542, 0.6394542, 0.6394542,
       0.6394542, 0.6394542, 0.6394542, 0.6394542, 0.6394542, 0.6394542,
       0.6394542, 0.6394542, 0.6394542, 0.6394542, 0.6394542, 0.6394542,
       0.6394542, 0.6394542, 0.6394542, 0.6394542, 0.6394542, 0.6394542,
       0.6394542, 0.6394542, 0.6394542, 0.6394542, 0.6394542, 0.6394542,
       0.6394542, 0.6394542, 0.6394542, 0.6394542, 0.6394542, 0.6394542,
       0.6394542, 0.6394542, 0.6394542, 0.6394542, 0.6394542, 0.6394542,
       0.6394542, 0.6394542, 0.6394542, 0.6394542, 0.6394542, 0.6394542,
       0.6394542, 0.6394542, 0.6394542, 0.6394542, 0.6394542, 0.6394542,
       0.6394542, 0.6394542, 0.6394542, 0.6394542, 0.6394542, 0.6394542,
       0.6394542, 0.6394542, 0.6394542, 0.6394542, 0.6394542, 0.6394542,
       0.6394542, 0.6394542, 0.6394542, 0.6394542, 0.6394542, 0.6394542,
       0.6394542, 0.6394542, 0.6394542, 0.6394542, 0.6394542, 0.6394542,
       0.6394542, 0.6394542, 0.6394542, 0.6394542], dtype=float32)>}

demo_dataset.pkl:
Average Precision:
	Camera:	0.8848847150802612
	Boxes:	0.6484889388084412
SIoU score:	0.41900458126288587

ADE:	107.05321502685547

PR_cams:
{'precision': <tf.Tensor: shape=(100,), dtype=float32, numpy=
array([0.29308063, 0.3726627 , 0.4389007 , 0.48037344, 0.5115656 ,
       0.5511981 , 0.5907034 , 0.6233343 , 0.6459216 , 0.6617433 ,
       0.6800711 , 0.68859106, 0.6986822 , 0.7097512 , 0.7175818 ,
       0.72373176, 0.7304144 , 0.7356511 , 0.7405126 , 0.750666  ,
       0.76037693, 0.7684415 , 0.7736677 , 0.78211886, 0.78540725,
       0.78893876, 0.7918583 , 0.79686826, 0.80491585, 0.80804706,
       0.81188005, 0.8230223 , 0.8284969 , 0.8327905 , 0.83646935,
       0.83928376, 0.84238464, 0.844821  , 0.84733826, 0.849782  ,
       0.85907286, 0.8655314 , 0.8691694 , 0.87174124, 0.8738837 ,
       0.8761289 , 0.8783412 , 0.87920636, 0.8824622 , 0.88403976,
       0.88564616, 0.8871616 , 0.8889284 , 0.890385  , 0.8919267 ,
       0.8935955 , 0.8952637 , 0.8968622 , 0.89865315, 0.9004409 ,
       0.90200454, 0.9056712 , 0.9069275 , 0.9090641 , 0.9107626 ,
       0.9127376 , 0.9145897 , 0.916552  , 0.9186963 , 0.9206758 ,
       0.9229624 , 0.92510635, 0.9274566 , 0.92995244, 0.93231916,
       0.9346269 , 0.9371205 , 0.9394717 , 0.9423527 , 0.9450409 ,
       0.9477844 , 0.9506571 , 0.95397896, 0.9582073 , 0.9625007 ,
       0.9660916 , 0.9705132 , 0.9755669 , 0.97781366, 0.9800385 ,
       0.9824275 , 0.98445   , 0.98573613, 0.98903084, 0.9913689 ,
       0.99489546, 0.99800956, 0.998615  , 0.9986449 , 1.        ],
      dtype=float32)>, 'recall': <tf.Tensor: shape=(100,), dtype=float32, numpy=
array([0.9961    , 0.9931587 , 0.9889898 , 0.98398757, 0.98033357,
       0.9775497 , 0.97435755, 0.9704262 , 0.966572  , 0.96339375,
       0.958766  , 0.9548105 , 0.9504384 , 0.9470907 , 0.94453347,
       0.94219273, 0.939998  , 0.93762046, 0.93549556, 0.93345094,
       0.9292699 , 0.9273531 , 0.9253639 , 0.92297673, 0.91852623,
       0.9159003 , 0.9136838 , 0.9114293 , 0.9091211 , 0.9070487 ,
       0.9047695 , 0.9018686 , 0.8925497 , 0.88992983, 0.8834943 ,
       0.8783118 , 0.8756973 , 0.8734814 , 0.8716309 , 0.86972433,
       0.8667071 , 0.85735077, 0.85543215, 0.8529835 , 0.8507754 ,
       0.84727275, 0.8450508 , 0.8353171 , 0.8325712 , 0.82978606,
       0.82698226, 0.8240205 , 0.821037  , 0.81811196, 0.8151562 ,
       0.8119641 , 0.80874246, 0.80538875, 0.8018921 , 0.7987736 ,
       0.79439116, 0.7904387 , 0.7798874 , 0.7757697 , 0.77161825,
       0.7673631 , 0.76227885, 0.75723505, 0.7526434 , 0.7475435 ,
       0.7410935 , 0.73441327, 0.7282033 , 0.7219493 , 0.71311516,
       0.7048666 , 0.6977238 , 0.6899497 , 0.68106556, 0.6706499 ,
       0.65935385, 0.6441868 , 0.6255906 , 0.60426116, 0.5814213 ,
       0.54848355, 0.51345164, 0.47650048, 0.44775453, 0.41779664,
       0.38385853, 0.33256394, 0.27860183, 0.23154673, 0.2044463 ,
       0.17733982, 0.15902464, 0.12173161, 0.07109789, 0.00432811],
      dtype=float32)>}

PR_parts:
{'precision': <tf.Tensor: shape=(100,), dtype=float32, numpy=
array([0.64848894, 0.64848894, 0.64848894, 0.64848894, 0.64848894,
       0.64848894, 0.64848894, 0.64848894, 0.64848894, 0.64848894,
       0.64848894, 0.64848894, 0.64848894, 0.64848894, 0.64848894,
       0.64848894, 0.64848894, 0.64848894, 0.64848894, 0.64848894,
       0.64848894, 0.64848894, 0.64848894, 0.64848894, 0.64848894,
       0.64848894, 0.64848894, 0.64848894, 0.64848894, 0.64848894,
       0.64848894, 0.64848894, 0.64848894, 0.64848894, 0.64848894,
       0.64848894, 0.64848894, 0.64848894, 0.64848894, 0.64848894,
       0.64848894, 0.64848894, 0.64848894, 0.64848894, 0.64848894,
       0.64848894, 0.64848894, 0.64848894, 0.64848894, 0.64848894,
       0.64848894, 0.64848894, 0.64848894, 0.64848894, 0.64848894,
       0.64848894, 0.64848894, 0.64848894, 0.64848894, 0.64848894,
       0.64848894, 0.64848894, 0.64848894, 0.64848894, 0.64848894,
       0.64848894, 0.64848894, 0.64848894, 0.64848894, 0.64848894,
       0.64848894, 0.64848894, 0.64848894, 0.64848894, 0.64848894,
       0.64848894, 0.64848894, 0.64848894, 0.64848894, 0.64848894,
       0.64848894, 0.64848894, 0.64848894, 0.64848894, 0.64848894,
       0.64848894, 0.64848894, 0.64848894, 0.64848894, 0.64848894,
       0.64848894, 0.64848894, 0.64848894, 0.64848894, 0.64848894,
       0.64848894, 0.64848894, 0.64848894, 0.64848894, 0.64848894],
      dtype=float32)>, 'recall': <tf.Tensor: shape=(100,), dtype=float32, numpy=
array([0.64848894, 0.64848894, 0.64848894, 0.64848894, 0.64848894,
       0.64848894, 0.64848894, 0.64848894, 0.64848894, 0.64848894,
       0.64848894, 0.64848894, 0.64848894, 0.64848894, 0.64848894,
       0.64848894, 0.64848894, 0.64848894, 0.64848894, 0.64848894,
       0.64848894, 0.64848894, 0.64848894, 0.64848894, 0.64848894,
       0.64848894, 0.64848894, 0.64848894, 0.64848894, 0.64848894,
       0.64848894, 0.64848894, 0.64848894, 0.64848894, 0.64848894,
       0.64848894, 0.64848894, 0.64848894, 0.64848894, 0.64848894,
       0.64848894, 0.64848894, 0.64848894, 0.64848894, 0.64848894,
       0.64848894, 0.64848894, 0.64848894, 0.64848894, 0.64848894,
       0.64848894, 0.64848894, 0.64848894, 0.64848894, 0.64848894,
       0.64848894, 0.64848894, 0.64848894, 0.64848894, 0.64848894,
       0.64848894, 0.64848894, 0.64848894, 0.64848894, 0.64848894,
       0.64848894, 0.64848894, 0.64848894, 0.64848894, 0.64848894,
       0.64848894, 0.64848894, 0.64848894, 0.64848894, 0.64848894,
       0.64848894, 0.64848894, 0.64848894, 0.64848894, 0.64848894,
       0.64848894, 0.64848894, 0.64848894, 0.64848894, 0.64848894,
       0.64848894, 0.64848894, 0.64848894, 0.64848894, 0.64848894,
       0.64848894, 0.64848894, 0.64848894, 0.64848894, 0.64848894,
       0.64848894, 0.64848894, 0.64848894, 0.64848894, 0.64848894],
      dtype=float32)>}

