tensors_4_in_12_out_dataset.pkl:
Average Precision:
	Camera:	0.913357675075531
	Boxes:	0.586271345615387
SIoU score:	0.36377655179040375

ADE:	133.7875213623047

PR_cams:
{'precision': <tf.Tensor: shape=(100,), dtype=float32, numpy=
array([0.2880701 , 0.3581651 , 0.4225527 , 0.47420117, 0.5204273 ,
       0.56026137, 0.5957323 , 0.6303315 , 0.65966684, 0.6785542 ,
       0.6930011 , 0.7083743 , 0.73339593, 0.74779934, 0.7656393 ,
       0.7732528 , 0.7850987 , 0.7906904 , 0.79524666, 0.7990381 ,
       0.80968034, 0.8146082 , 0.81770337, 0.82009816, 0.82221407,
       0.824908  , 0.82764506, 0.83023244, 0.8337651 , 0.83583933,
       0.8398024 , 0.84555364, 0.849884  , 0.8641815 , 0.865409  ,
       0.8670193 , 0.8760491 , 0.8774176 , 0.8789081 , 0.8798805 ,
       0.8838636 , 0.8875997 , 0.89020205, 0.8990956 , 0.9008988 ,
       0.9020454 , 0.9031402 , 0.9059097 , 0.906501  , 0.9082607 ,
       0.9137154 , 0.9145195 , 0.9169292 , 0.91806436, 0.9213245 ,
       0.923239  , 0.92481565, 0.92651325, 0.9280759 , 0.9296885 ,
       0.93157756, 0.9329862 , 0.93440026, 0.9360558 , 0.93746513,
       0.93898994, 0.9416086 , 0.9442579 , 0.94628054, 0.9473813 ,
       0.9481257 , 0.9489665 , 0.9496727 , 0.9504352 , 0.9504871 ,
       0.95109034, 0.95252025, 0.9536566 , 0.95461947, 0.95602274,
       0.95728254, 0.9580549 , 0.9589078 , 0.95988166, 0.9611487 ,
       0.9620213 , 0.96289194, 0.9643223 , 0.96607107, 0.96780443,
       0.96965116, 0.97089255, 0.97287047, 0.97771347, 0.9754159 ,
       0.9756669 , 0.9816992 , 0.9887935 , 0.9824138 , 0.63821137],
      dtype=float32)>, 'recall': <tf.Tensor: shape=(100,), dtype=float32, numpy=
array([9.84855711e-01, 9.78869021e-01, 9.74054813e-01, 9.69824374e-01,
       9.65189278e-01, 9.61551487e-01, 9.59318221e-01, 9.56809521e-01,
       9.54868853e-01, 9.52797234e-01, 9.51411486e-01, 9.49990213e-01,
       9.46846902e-01, 9.43869114e-01, 9.40571129e-01, 9.39454317e-01,
       9.37694073e-01, 9.34898913e-01, 9.34249401e-01, 9.33576643e-01,
       9.32947278e-01, 9.32323635e-01, 9.31371450e-01, 9.28640664e-01,
       9.25114989e-01, 9.23923671e-01, 9.23050821e-01, 9.22082424e-01,
       9.20870543e-01, 9.19851422e-01, 9.18636024e-01, 9.17033911e-01,
       9.09873009e-01, 9.07937586e-01, 9.06483114e-01, 9.05014992e-01,
       8.97965372e-01, 8.97041678e-01, 8.95736933e-01, 8.93864989e-01,
       8.90101492e-01, 8.88622880e-01, 8.87207329e-01, 8.77259612e-01,
       8.74986529e-01, 8.74215245e-01, 8.73358607e-01, 8.72342885e-01,
       8.63927245e-01, 8.63146305e-01, 8.58533561e-01, 8.52920890e-01,
       8.46975803e-01, 8.44260812e-01, 8.43142211e-01, 8.41977239e-01,
       8.40640962e-01, 8.39236379e-01, 8.37536991e-01, 8.35267007e-01,
       8.33202362e-01, 8.30789149e-01, 8.27213049e-01, 8.23570848e-01,
       8.19165289e-01, 8.16198885e-01, 8.11194122e-01, 8.07342589e-01,
       8.04871082e-01, 8.02170098e-01, 7.97374249e-01, 7.93434680e-01,
       7.88422942e-01, 7.81803370e-01, 7.62208343e-01, 7.48440146e-01,
       7.36246049e-01, 7.24637508e-01, 7.07158327e-01, 6.99824035e-01,
       6.88041151e-01, 6.70814753e-01, 6.54267132e-01, 6.43595874e-01,
       6.29477739e-01, 6.05041802e-01, 5.64940333e-01, 5.50746858e-01,
       5.27881920e-01, 4.98647958e-01, 4.66791838e-01, 4.28828597e-01,
       3.95945400e-01, 3.42105985e-01, 2.35220313e-01, 1.63793117e-01,
       1.09529294e-01, 7.55108744e-02, 1.76648553e-02, 1.37524228e-04],
      dtype=float32)>}

PR_parts:
{'precision': <tf.Tensor: shape=(100,), dtype=float32, numpy=
array([0.58627135, 0.58627135, 0.58627135, 0.58627135, 0.58627135,
       0.58627135, 0.58627135, 0.58627135, 0.58627135, 0.58627135,
       0.58627135, 0.58627135, 0.58627135, 0.58627135, 0.58627135,
       0.58627135, 0.58627135, 0.58627135, 0.58627135, 0.58627135,
       0.58627135, 0.58627135, 0.58627135, 0.58627135, 0.58627135,
       0.58627135, 0.58627135, 0.58627135, 0.58627135, 0.58627135,
       0.58627135, 0.58627135, 0.58627135, 0.58627135, 0.58627135,
       0.58627135, 0.58627135, 0.58627135, 0.58627135, 0.58627135,
       0.58627135, 0.58627135, 0.58627135, 0.58627135, 0.58627135,
       0.58627135, 0.58627135, 0.58627135, 0.58627135, 0.58627135,
       0.58627135, 0.58627135, 0.58627135, 0.58627135, 0.58627135,
       0.58627135, 0.58627135, 0.58627135, 0.58627135, 0.58627135,
       0.58627135, 0.58627135, 0.58627135, 0.58627135, 0.58627135,
       0.58627135, 0.58627135, 0.58627135, 0.58627135, 0.58627135,
       0.58627135, 0.58627135, 0.58627135, 0.58627135, 0.58627135,
       0.58627135, 0.58627135, 0.58627135, 0.58627135, 0.58627135,
       0.58627135, 0.58627135, 0.58627135, 0.58627135, 0.58627135,
       0.58627135, 0.58627135, 0.58627135, 0.58627135, 0.58627135,
       0.58627135, 0.58627135, 0.58627135, 0.58627135, 0.58627135,
       0.58627135, 0.58627135, 0.58627135, 0.58627135, 0.58627135],
      dtype=float32)>, 'recall': <tf.Tensor: shape=(100,), dtype=float32, numpy=
array([0.58627135, 0.58627135, 0.58627135, 0.58627135, 0.58627135,
       0.58627135, 0.58627135, 0.58627135, 0.58627135, 0.58627135,
       0.58627135, 0.58627135, 0.58627135, 0.58627135, 0.58627135,
       0.58627135, 0.58627135, 0.58627135, 0.58627135, 0.58627135,
       0.58627135, 0.58627135, 0.58627135, 0.58627135, 0.58627135,
       0.58627135, 0.58627135, 0.58627135, 0.58627135, 0.58627135,
       0.58627135, 0.58627135, 0.58627135, 0.58627135, 0.58627135,
       0.58627135, 0.58627135, 0.58627135, 0.58627135, 0.58627135,
       0.58627135, 0.58627135, 0.58627135, 0.58627135, 0.58627135,
       0.58627135, 0.58627135, 0.58627135, 0.58627135, 0.58627135,
       0.58627135, 0.58627135, 0.58627135, 0.58627135, 0.58627135,
       0.58627135, 0.58627135, 0.58627135, 0.58627135, 0.58627135,
       0.58627135, 0.58627135, 0.58627135, 0.58627135, 0.58627135,
       0.58627135, 0.58627135, 0.58627135, 0.58627135, 0.58627135,
       0.58627135, 0.58627135, 0.58627135, 0.58627135, 0.58627135,
       0.58627135, 0.58627135, 0.58627135, 0.58627135, 0.58627135,
       0.58627135, 0.58627135, 0.58627135, 0.58627135, 0.58627135,
       0.58627135, 0.58627135, 0.58627135, 0.58627135, 0.58627135,
       0.58627135, 0.58627135, 0.58627135, 0.58627135, 0.58627135,
       0.58627135, 0.58627135, 0.58627135, 0.58627135, 0.58627135],
      dtype=float32)>}

demo_dataset.pkl:
Average Precision:
	Camera:	0.9385625720024109
	Boxes:	0.5829781889915466
SIoU score:	0.3481756779549654

ADE:	118.65435791015625

PR_cams:
{'precision': <tf.Tensor: shape=(100,), dtype=float32, numpy=
array([0.30100954, 0.37969884, 0.4470612 , 0.50033206, 0.54832125,
       0.5888699 , 0.62762797, 0.6620494 , 0.69060284, 0.70822406,
       0.7218457 , 0.73736936, 0.7641078 , 0.77935827, 0.79924446,
       0.8061689 , 0.81815606, 0.8228708 , 0.827022  , 0.83015215,
       0.8418291 , 0.84650624, 0.8493721 , 0.8516336 , 0.85328186,
       0.85525364, 0.856992  , 0.85856384, 0.86106414, 0.8632279 ,
       0.8668949 , 0.8724026 , 0.87593466, 0.89071566, 0.8917494 ,
       0.8929032 , 0.90133935, 0.90206563, 0.90272206, 0.90317464,
       0.9069911 , 0.9116318 , 0.91477126, 0.9244016 , 0.92582196,
       0.9270397 , 0.9281596 , 0.92990243, 0.9302765 , 0.93200475,
       0.9389845 , 0.9394851 , 0.9407302 , 0.94137   , 0.9431093 ,
       0.9440982 , 0.9449216 , 0.94579947, 0.94677275, 0.94772863,
       0.9490013 , 0.9501304 , 0.9511564 , 0.95233464, 0.9535427 ,
       0.9550889 , 0.95829827, 0.960995  , 0.9622714 , 0.9633237 ,
       0.96405154, 0.96470094, 0.9654253 , 0.9662635 , 0.9665806 ,
       0.9671196 , 0.9678549 , 0.96897024, 0.96996075, 0.97120863,
       0.97231084, 0.9732781 , 0.9742651 , 0.9754862 , 0.976662  ,
       0.9774496 , 0.97805375, 0.9792697 , 0.98090285, 0.9828559 ,
       0.9844857 , 0.9861506 , 0.98794   , 0.9914247 , 0.9930399 ,
       0.9927899 , 0.9929743 , 0.9971201 , 0.994774  , 1.        ],
      dtype=float32)>, 'recall': <tf.Tensor: shape=(100,), dtype=float32, numpy=
array([9.9655342e-01, 9.9337518e-01, 9.9072933e-01, 9.8750710e-01,
       9.8361552e-01, 9.8019004e-01, 9.7773474e-01, 9.7524208e-01,
       9.7354114e-01, 9.7218084e-01, 9.7088081e-01, 9.6938425e-01,
       9.6733177e-01, 9.6506757e-01, 9.6287638e-01, 9.6184957e-01,
       9.6071595e-01, 9.5903850e-01, 9.5841324e-01, 9.5776445e-01,
       9.5716327e-01, 9.5655727e-01, 9.5564681e-01, 9.5340437e-01,
       9.4920832e-01, 9.4828337e-01, 9.4757545e-01, 9.4678921e-01,
       9.4606620e-01, 9.4534510e-01, 9.4438154e-01, 9.4345897e-01,
       9.3497521e-01, 9.3338943e-01, 9.3240416e-01, 9.3134713e-01,
       9.2258179e-01, 9.2160320e-01, 9.2014879e-01, 9.1775864e-01,
       9.1299760e-01, 9.1128278e-01, 9.0948713e-01, 8.9776361e-01,
       8.9508462e-01, 8.9448041e-01, 8.9391059e-01, 8.9293921e-01,
       8.8377106e-01, 8.8307345e-01, 8.7778062e-01, 8.7179011e-01,
       8.6553067e-01, 8.6285889e-01, 8.6185378e-01, 8.6088181e-01,
       8.5985613e-01, 8.5865319e-01, 8.5698903e-01, 8.5537243e-01,
       8.5370463e-01, 8.5172749e-01, 8.4955078e-01, 8.4659684e-01,
       8.4301823e-01, 8.4003955e-01, 8.3678532e-01, 8.3342558e-01,
       8.3113128e-01, 8.2881469e-01, 8.2531023e-01, 8.2219106e-01,
       8.1819278e-01, 8.1177235e-01, 7.9062080e-01, 7.7680439e-01,
       7.6518756e-01, 7.5389397e-01, 7.3846823e-01, 7.3257661e-01,
       7.2105992e-01, 7.0435405e-01, 6.8748236e-01, 6.7761898e-01,
       6.6638750e-01, 6.4388108e-01, 6.0958719e-01, 5.9752423e-01,
       5.7779145e-01, 5.5584937e-01, 5.2649021e-01, 4.8902595e-01,
       4.5373902e-01, 3.9575329e-01, 2.7598253e-01, 1.9037722e-01,
       1.2629668e-01, 8.4551334e-02, 1.9282347e-02, 1.2059380e-06],
      dtype=float32)>}

PR_parts:
{'precision': <tf.Tensor: shape=(100,), dtype=float32, numpy=
array([0.5829782, 0.5829782, 0.5829782, 0.5829782, 0.5829782, 0.5829782,
       0.5829782, 0.5829782, 0.5829782, 0.5829782, 0.5829782, 0.5829782,
       0.5829782, 0.5829782, 0.5829782, 0.5829782, 0.5829782, 0.5829782,
       0.5829782, 0.5829782, 0.5829782, 0.5829782, 0.5829782, 0.5829782,
       0.5829782, 0.5829782, 0.5829782, 0.5829782, 0.5829782, 0.5829782,
       0.5829782, 0.5829782, 0.5829782, 0.5829782, 0.5829782, 0.5829782,
       0.5829782, 0.5829782, 0.5829782, 0.5829782, 0.5829782, 0.5829782,
       0.5829782, 0.5829782, 0.5829782, 0.5829782, 0.5829782, 0.5829782,
       0.5829782, 0.5829782, 0.5829782, 0.5829782, 0.5829782, 0.5829782,
       0.5829782, 0.5829782, 0.5829782, 0.5829782, 0.5829782, 0.5829782,
       0.5829782, 0.5829782, 0.5829782, 0.5829782, 0.5829782, 0.5829782,
       0.5829782, 0.5829782, 0.5829782, 0.5829782, 0.5829782, 0.5829782,
       0.5829782, 0.5829782, 0.5829782, 0.5829782, 0.5829782, 0.5829782,
       0.5829782, 0.5829782, 0.5829782, 0.5829782, 0.5829782, 0.5829782,
       0.5829782, 0.5829782, 0.5829782, 0.5829782, 0.5829782, 0.5829782,
       0.5829782, 0.5829782, 0.5829782, 0.5829782, 0.5829782, 0.5829782,
       0.5829782, 0.5829782, 0.5829782, 0.5829782], dtype=float32)>, 'recall': <tf.Tensor: shape=(100,), dtype=float32, numpy=
array([0.5829782, 0.5829782, 0.5829782, 0.5829782, 0.5829782, 0.5829782,
       0.5829782, 0.5829782, 0.5829782, 0.5829782, 0.5829782, 0.5829782,
       0.5829782, 0.5829782, 0.5829782, 0.5829782, 0.5829782, 0.5829782,
       0.5829782, 0.5829782, 0.5829782, 0.5829782, 0.5829782, 0.5829782,
       0.5829782, 0.5829782, 0.5829782, 0.5829782, 0.5829782, 0.5829782,
       0.5829782, 0.5829782, 0.5829782, 0.5829782, 0.5829782, 0.5829782,
       0.5829782, 0.5829782, 0.5829782, 0.5829782, 0.5829782, 0.5829782,
       0.5829782, 0.5829782, 0.5829782, 0.5829782, 0.5829782, 0.5829782,
       0.5829782, 0.5829782, 0.5829782, 0.5829782, 0.5829782, 0.5829782,
       0.5829782, 0.5829782, 0.5829782, 0.5829782, 0.5829782, 0.5829782,
       0.5829782, 0.5829782, 0.5829782, 0.5829782, 0.5829782, 0.5829782,
       0.5829782, 0.5829782, 0.5829782, 0.5829782, 0.5829782, 0.5829782,
       0.5829782, 0.5829782, 0.5829782, 0.5829782, 0.5829782, 0.5829782,
       0.5829782, 0.5829782, 0.5829782, 0.5829782, 0.5829782, 0.5829782,
       0.5829782, 0.5829782, 0.5829782, 0.5829782, 0.5829782, 0.5829782,
       0.5829782, 0.5829782, 0.5829782, 0.5829782, 0.5829782, 0.5829782,
       0.5829782, 0.5829782, 0.5829782, 0.5829782], dtype=float32)>}

