tensors_4_in_12_out_dataset.pkl:
Average Precision:
	Camera:	0.8444314002990723
	Boxes:	0.6770261526107788
SIoU score:	0.23513731168778396

ADE:	118.3580093383789

PR_cams:
{'precision': <tf.Tensor: shape=(100,), dtype=float32, numpy=
array([0.19310078, 0.22838682, 0.24995005, 0.26760334, 0.2844462 ,
       0.306819  , 0.3312621 , 0.35607606, 0.37703523, 0.398775  ,
       0.422195  , 0.45052603, 0.46993122, 0.4856499 , 0.5043646 ,
       0.5172921 , 0.52997273, 0.54687005, 0.5595331 , 0.5643834 ,
       0.57285243, 0.5793402 , 0.5854289 , 0.5928781 , 0.59764683,
       0.6054133 , 0.61957294, 0.6321862 , 0.6374396 , 0.6428068 ,
       0.64754105, 0.6499073 , 0.6536676 , 0.6565957 , 0.66129774,
       0.66417986, 0.6685908 , 0.6778527 , 0.6816122 , 0.6867106 ,
       0.69099116, 0.69338596, 0.70071435, 0.70715296, 0.71993124,
       0.72546756, 0.7404388 , 0.77287537, 0.80661845, 0.83967793,
       0.85819227, 0.8662634 , 0.88810545, 0.8900453 , 0.8911742 ,
       0.89260954, 0.8971998 , 0.8980332 , 0.8989708 , 0.8999537 ,
       0.9006543 , 0.9016718 , 0.90264404, 0.9042507 , 0.9052966 ,
       0.90658253, 0.9086394 , 0.9112568 , 0.9157344 , 0.9224701 ,
       0.92496556, 0.9261559 , 0.93026257, 0.9420139 , 0.9488408 ,
       0.95570576, 0.96129715, 0.96283007, 0.96356714, 0.9644569 ,
       0.965229  , 0.9659508 , 0.96759826, 0.9691966 , 0.97096264,
       0.97312486, 0.9745061 , 0.9755885 , 0.97610927, 0.9774755 ,
       0.979405  , 0.980746  , 0.9820351 , 0.98370296, 0.98503864,
       0.98673564, 0.98801434, 0.98988   , 0.99569476, 0.998745  ],
      dtype=float32)>, 'recall': <tf.Tensor: shape=(100,), dtype=float32, numpy=
array([0.98423725, 0.9748821 , 0.9682402 , 0.96080035, 0.9526654 ,
       0.9397004 , 0.9264942 , 0.91520756, 0.9022168 , 0.88979053,
       0.8705823 , 0.8556797 , 0.84473777, 0.83557534, 0.8240504 ,
       0.8171655 , 0.8107014 , 0.79854625, 0.79318154, 0.79019934,
       0.78545827, 0.7763011 , 0.76834524, 0.76201385, 0.75797355,
       0.753543  , 0.7463366 , 0.73544544, 0.731505  , 0.7224507 ,
       0.7186359 , 0.7155583 , 0.7111163 , 0.7088419 , 0.70304006,
       0.6999002 , 0.69412726, 0.68562835, 0.68012434, 0.67196006,
       0.66646606, 0.6553967 , 0.64652246, 0.63438743, 0.6210572 ,
       0.60154194, 0.5777993 , 0.5286248 , 0.49423757, 0.4636831 ,
       0.44480023, 0.4375885 , 0.42119423, 0.4189715 , 0.41394135,
       0.4118496 , 0.40829018, 0.4070761 , 0.40561634, 0.4028159 ,
       0.40145382, 0.4004075 , 0.39905152, 0.3968323 , 0.3960479 ,
       0.3952906 , 0.38877225, 0.37914774, 0.3685391 , 0.35327873,
       0.34354472, 0.34207225, 0.33601242, 0.32168934, 0.3115191 ,
       0.3049004 , 0.29940557, 0.2976493 , 0.29535517, 0.29259375,
       0.28934836, 0.28667015, 0.27978736, 0.26944894, 0.26229548,
       0.25870278, 0.25556076, 0.2515235 , 0.24082376, 0.23050988,
       0.22350666, 0.21923245, 0.21372624, 0.2078705 , 0.20464744,
       0.2003728 , 0.18828075, 0.1352472 , 0.06057286, 0.01359344],
      dtype=float32)>}

PR_parts:
{'precision': <tf.Tensor: shape=(100,), dtype=float32, numpy=
array([0.67702615, 0.67702615, 0.67702615, 0.67702615, 0.67702615,
       0.67702615, 0.67702615, 0.67702615, 0.67702615, 0.67702615,
       0.67702615, 0.67702615, 0.67702615, 0.67702615, 0.67702615,
       0.67702615, 0.67702615, 0.67702615, 0.67702615, 0.67702615,
       0.67702615, 0.67702615, 0.67702615, 0.67702615, 0.67702615,
       0.67702615, 0.67702615, 0.67702615, 0.67702615, 0.67702615,
       0.67702615, 0.67702615, 0.67702615, 0.67702615, 0.67702615,
       0.67702615, 0.67702615, 0.67702615, 0.67702615, 0.67702615,
       0.67702615, 0.67702615, 0.67702615, 0.67702615, 0.67702615,
       0.67702615, 0.67702615, 0.67702615, 0.67702615, 0.67702615,
       0.67702615, 0.67702615, 0.67702615, 0.67702615, 0.67702615,
       0.67702615, 0.67702615, 0.67702615, 0.67702615, 0.67702615,
       0.67702615, 0.67702615, 0.67702615, 0.67702615, 0.67702615,
       0.67702615, 0.67702615, 0.67702615, 0.67702615, 0.67702615,
       0.67702615, 0.67702615, 0.67702615, 0.67702615, 0.67702615,
       0.67702615, 0.67702615, 0.67702615, 0.67702615, 0.67702615,
       0.67702615, 0.67702615, 0.67702615, 0.67702615, 0.67702615,
       0.67702615, 0.67702615, 0.67702615, 0.67702615, 0.67702615,
       0.67702615, 0.67702615, 0.67702615, 0.67702615, 0.67702615,
       0.67702615, 0.67702615, 0.67702615, 0.67702615, 0.67702615],
      dtype=float32)>, 'recall': <tf.Tensor: shape=(100,), dtype=float32, numpy=
array([0.67702615, 0.67702615, 0.67702615, 0.67702615, 0.67702615,
       0.67702615, 0.67702615, 0.67702615, 0.67702615, 0.67702615,
       0.67702615, 0.67702615, 0.67702615, 0.67702615, 0.67702615,
       0.67702615, 0.67702615, 0.67702615, 0.67702615, 0.67702615,
       0.67702615, 0.67702615, 0.67702615, 0.67702615, 0.67702615,
       0.67702615, 0.67702615, 0.67702615, 0.67702615, 0.67702615,
       0.67702615, 0.67702615, 0.67702615, 0.67702615, 0.67702615,
       0.67702615, 0.67702615, 0.67702615, 0.67702615, 0.67702615,
       0.67702615, 0.67702615, 0.67702615, 0.67702615, 0.67702615,
       0.67702615, 0.67702615, 0.67702615, 0.67702615, 0.67702615,
       0.67702615, 0.67702615, 0.67702615, 0.67702615, 0.67702615,
       0.67702615, 0.67702615, 0.67702615, 0.67702615, 0.67702615,
       0.67702615, 0.67702615, 0.67702615, 0.67702615, 0.67702615,
       0.67702615, 0.67702615, 0.67702615, 0.67702615, 0.67702615,
       0.67702615, 0.67702615, 0.67702615, 0.67702615, 0.67702615,
       0.67702615, 0.67702615, 0.67702615, 0.67702615, 0.67702615,
       0.67702615, 0.67702615, 0.67702615, 0.67702615, 0.67702615,
       0.67702615, 0.67702615, 0.67702615, 0.67702615, 0.67702615,
       0.67702615, 0.67702615, 0.67702615, 0.67702615, 0.67702615,
       0.67702615, 0.67702615, 0.67702615, 0.67702615, 0.67702615],
      dtype=float32)>}

demo_dataset.pkl:
Average Precision:
	Camera:	0.8695651888847351
	Boxes:	0.6948542594909668
SIoU score:	0.22500127562532074

ADE:	100.82015228271484

PR_cams:
{'precision': <tf.Tensor: shape=(100,), dtype=float32, numpy=
array([0.2067904 , 0.24561238, 0.26760852, 0.28552285, 0.30288175,
       0.32617924, 0.35032755, 0.37448472, 0.39705005, 0.41972083,
       0.4452691 , 0.47522396, 0.49402913, 0.5087972 , 0.52772796,
       0.5392865 , 0.55086374, 0.5684899 , 0.5808164 , 0.5846931 ,
       0.5926411 , 0.59916407, 0.60412866, 0.61120784, 0.61542195,
       0.62257683, 0.6377406 , 0.6507711 , 0.6551936 , 0.6614292 ,
       0.665929  , 0.667623  , 0.67052895, 0.6726094 , 0.6764023 ,
       0.6786361 , 0.6815496 , 0.69070727, 0.6948469 , 0.700698  ,
       0.7052921 , 0.70781815, 0.71438265, 0.72065157, 0.73461723,
       0.73948747, 0.75313485, 0.78998816, 0.83085585, 0.8660175 ,
       0.88032365, 0.88780427, 0.90442824, 0.90623695, 0.90700775,
       0.9081538 , 0.9113626 , 0.91227156, 0.9132343 , 0.9139456 ,
       0.91473734, 0.91574764, 0.9165616 , 0.917433  , 0.9184835 ,
       0.9196582 , 0.92177296, 0.9248525 , 0.9301634 , 0.93556696,
       0.93794584, 0.9396542 , 0.94309115, 0.9560513 , 0.9597384 ,
       0.96993476, 0.97555816, 0.9769278 , 0.977552  , 0.97810626,
       0.97862726, 0.97920597, 0.9803401 , 0.9814859 , 0.98238516,
       0.9830331 , 0.98370206, 0.98440856, 0.98475325, 0.9856308 ,
       0.98724496, 0.98812926, 0.98912543, 0.9907546 , 0.9918836 ,
       0.99287564, 0.99359506, 0.99552834, 0.9989454 , 1.        ],
      dtype=float32)>, 'recall': <tf.Tensor: shape=(100,), dtype=float32, numpy=
array([0.99111885, 0.98151296, 0.97387457, 0.9652895 , 0.95489186,
       0.9417815 , 0.92578053, 0.91193396, 0.9014556 , 0.88941306,
       0.87296647, 0.8599472 , 0.849022  , 0.8396639 , 0.8289335 ,
       0.82023144, 0.8138737 , 0.8041647 , 0.80021584, 0.79765624,
       0.79401857, 0.7873437 , 0.7806598 , 0.77661204, 0.7735393 ,
       0.7699601 , 0.7655114 , 0.75914586, 0.75670743, 0.7523944 ,
       0.7499216 , 0.7471757 , 0.7429971 , 0.7412123 , 0.73570484,
       0.7332839 , 0.72813696, 0.7210629 , 0.7164177 , 0.7096077 ,
       0.7051373 , 0.69627726, 0.6870024 , 0.6755538 , 0.6637242 ,
       0.6431364 , 0.61830616, 0.56663835, 0.53124404, 0.49938014,
       0.47935614, 0.47299725, 0.4555238 , 0.45326328, 0.44816998,
       0.44600654, 0.4419564 , 0.44072333, 0.43945828, 0.43743533,
       0.43646514, 0.4357446 , 0.43527973, 0.43441626, 0.43376505,
       0.4331259 , 0.4282093 , 0.4208579 , 0.41247362, 0.4000205 ,
       0.39243335, 0.39101094, 0.3858459 , 0.37345007, 0.36419088,
       0.3580792 , 0.3532729 , 0.3516648 , 0.3490437 , 0.3456924 ,
       0.3423803 , 0.33973747, 0.3313387 , 0.32124984, 0.31418425,
       0.30959445, 0.30596155, 0.3011342 , 0.28881192, 0.27744052,
       0.27040687, 0.26646647, 0.2607859 , 0.25419727, 0.25038832,
       0.24512078, 0.2301985 , 0.1655162 , 0.07082233, 0.01377362],
      dtype=float32)>}

PR_parts:
{'precision': <tf.Tensor: shape=(100,), dtype=float32, numpy=
array([0.69485426, 0.69485426, 0.69485426, 0.69485426, 0.69485426,
       0.69485426, 0.69485426, 0.69485426, 0.69485426, 0.69485426,
       0.69485426, 0.69485426, 0.69485426, 0.69485426, 0.69485426,
       0.69485426, 0.69485426, 0.69485426, 0.69485426, 0.69485426,
       0.69485426, 0.69485426, 0.69485426, 0.69485426, 0.69485426,
       0.69485426, 0.69485426, 0.69485426, 0.69485426, 0.69485426,
       0.69485426, 0.69485426, 0.69485426, 0.69485426, 0.69485426,
       0.69485426, 0.69485426, 0.69485426, 0.69485426, 0.69485426,
       0.69485426, 0.69485426, 0.69485426, 0.69485426, 0.69485426,
       0.69485426, 0.69485426, 0.69485426, 0.69485426, 0.69485426,
       0.69485426, 0.69485426, 0.69485426, 0.69485426, 0.69485426,
       0.69485426, 0.69485426, 0.69485426, 0.69485426, 0.69485426,
       0.69485426, 0.69485426, 0.69485426, 0.69485426, 0.69485426,
       0.69485426, 0.69485426, 0.69485426, 0.69485426, 0.69485426,
       0.69485426, 0.69485426, 0.69485426, 0.69485426, 0.69485426,
       0.69485426, 0.69485426, 0.69485426, 0.69485426, 0.69485426,
       0.69485426, 0.69485426, 0.69485426, 0.69485426, 0.69485426,
       0.69485426, 0.69485426, 0.69485426, 0.69485426, 0.69485426,
       0.69485426, 0.69485426, 0.69485426, 0.69485426, 0.69485426,
       0.69485426, 0.69485426, 0.69485426, 0.69485426, 0.69485426],
      dtype=float32)>, 'recall': <tf.Tensor: shape=(100,), dtype=float32, numpy=
array([0.69485426, 0.69485426, 0.69485426, 0.69485426, 0.69485426,
       0.69485426, 0.69485426, 0.69485426, 0.69485426, 0.69485426,
       0.69485426, 0.69485426, 0.69485426, 0.69485426, 0.69485426,
       0.69485426, 0.69485426, 0.69485426, 0.69485426, 0.69485426,
       0.69485426, 0.69485426, 0.69485426, 0.69485426, 0.69485426,
       0.69485426, 0.69485426, 0.69485426, 0.69485426, 0.69485426,
       0.69485426, 0.69485426, 0.69485426, 0.69485426, 0.69485426,
       0.69485426, 0.69485426, 0.69485426, 0.69485426, 0.69485426,
       0.69485426, 0.69485426, 0.69485426, 0.69485426, 0.69485426,
       0.69485426, 0.69485426, 0.69485426, 0.69485426, 0.69485426,
       0.69485426, 0.69485426, 0.69485426, 0.69485426, 0.69485426,
       0.69485426, 0.69485426, 0.69485426, 0.69485426, 0.69485426,
       0.69485426, 0.69485426, 0.69485426, 0.69485426, 0.69485426,
       0.69485426, 0.69485426, 0.69485426, 0.69485426, 0.69485426,
       0.69485426, 0.69485426, 0.69485426, 0.69485426, 0.69485426,
       0.69485426, 0.69485426, 0.69485426, 0.69485426, 0.69485426,
       0.69485426, 0.69485426, 0.69485426, 0.69485426, 0.69485426,
       0.69485426, 0.69485426, 0.69485426, 0.69485426, 0.69485426,
       0.69485426, 0.69485426, 0.69485426, 0.69485426, 0.69485426,
       0.69485426, 0.69485426, 0.69485426, 0.69485426, 0.69485426],
      dtype=float32)>}

