day	hour	camera	track	frame	Tracked
1	11	15	1	27	False
1	11	1	1	27	False
1	11	3	1	27	False
1	11	3	3	27	False
1	11	13	1	27	False
1	11	13	4	27	False
1	11	4	1	51	False
1	11	15	2	175	False
1	11	1	2	175	False
1	11	4	2	178	True
1	11	4	3	201	False
1	11	15	3	1208	False
1	11	10	8	1208	True
1	11	5	9	1208	False
1	11	7	16	1208	False
1	11	1	3	1208	False
1	11	3	22	1208	False
1	11	12	9	1208	False
1	11	14	5	1208	False
1	11	5	10	1214	False
1	11	7	17	1214	False
1	11	4	15	1226	False
1	11	15	4	1243	False
1	11	1	4	1253	False
1	11	15	5	1559	False
1	11	7	19	1559	False
1	11	1	5	1559	False
1	11	4	17	1559	False
1	11	2	14	1559	False
1	11	13	41	1559	False
1	11	2	15	1563	False
1	11	2	16	1566	False
1	11	3	23	1569	False
1	11	3	24	1570	False
1	11	1	6	1596	False
1	11	3	25	1604	False
1	11	15	6	1843	False
1	11	4	25	1843	False
1	11	15	7	1847	False
1	11	1	7	1849	False
1	11	1	8	1850	False
1	11	1	9	1851	False
1	11	15	8	1854	False
1	11	13	49	1856	False
1	11	1	10	1857	False
1	11	2	17	1858	False
1	11	2	18	1859	False
1	11	5	11	1860	False
1	11	2	19	1860	False
1	11	4	26	1866	False
1	11	4	27	1867	False
1	11	4	28	1868	False
1	11	2	20	1869	False
1	11	15	9	1920	False
1	11	7	20	1920	False
1	11	1	11	1920	False
1	11	15	10	1922	False
1	11	9	5	1943	False
1	11	9	6	1949	False
1	11	15	11	2695	False
1	11	10	12	2695	False
1	11	9	27	2695	False
1	11	6	7	2695	False
1	11	1	12	2695	False
1	11	2	24	2695	False
1	11	10	13	2697	False
1	11	10	14	2697	False
1	11	6	8	2708	False
1	11	15	12	2949	False
1	11	10	16	2949	False
1	11	1	13	2949	False
1	11	3	34	2949	False
1	11	12	19	2949	False
1	11	6	12	2951	False
1	11	3	35	2951	False
1	11	6	13	2952	False
1	11	6	14	2953	False
1	11	3	36	2954	False
1	11	12	20	2954	False
1	11	15	13	2957	False
1	11	14	13	2958	False
1	11	3	37	2972	False
1	11	6	15	2973	False
1	11	3	38	2974	False
1	11	12	21	2977	False
1	11	13	53	2977	False
1	11	12	22	2978	False
1	11	12	23	2979	False
1	11	13	54	2981	False
1	11	13	55	2982	False
1	11	13	56	2983	False
1	11	1	14	2985	False
1	11	6	16	2993	False
1	11	15	14	3203	False
1	11	10	29	3203	False
1	11	6	19	3203	False
1	11	7	37	3203	False
1	11	1	15	3203	False
1	11	4	39	3203	False
1	11	2	27	3203	False
1	11	14	19	3203	False
1	11	15	15	3204	False
1	11	6	20	3211	False
1	11	15	16	3225	False
1	11	15	17	3452	False
1	11	7	40	3452	False
1	11	1	16	3452	False
1	11	15	18	3821	False
1	11	9	53	3821	True
1	11	1	17	3821	False
1	11	15	19	3825	False
1	11	1	18	3825	False
1	11	1	19	3830	False
1	11	10	36	3831	False
1	11	15	20	3832	False
1	11	6	25	3841	False
1	11	9	56	3847	False
1	11	1	20	3850	False
1	11	1	21	3850	False
1	11	15	21	3973	False
1	11	4	46	3973	False
1	11	4	48	3973	False
1	11	4	50	3973	False
1	11	15	22	3974	False
1	11	1	22	3974	False
1	11	15	23	3981	False
1	11	15	24	3983	False
1	11	1	23	3983	False
1	11	6	28	3984	False
1	11	4	54	3985	False
1	11	4	55	3986	False
1	11	6	29	3987	False
1	11	4	56	3988	False
1	11	4	57	3990	False
1	11	15	25	4744	False
1	11	10	52	4744	False
1	11	5	37	4744	False
1	11	1	25	4744	False
1	11	3	62	4744	False
1	11	13	83	4744	False
1	11	13	84	4745	False
1	11	7	57	4747	False
1	11	7	58	4749	False
1	11	3	63	4751	False
1	11	3	64	4752	False
1	11	3	65	4753	False
1	11	15	26	4755	False
1	11	15	27	4877	False
1	11	9	79	4877	False
1	11	8	2	4877	False
1	11	8	4	4877	False
1	11	1	26	4877	False
1	11	15	28	4878	False
1	11	1	28	4881	False
1	11	4	68	4881	False
1	11	14	35	4884	False
1	11	14	36	4887	False
1	11	15	29	4890	False
1	11	1	29	4891	False
1	11	15	30	4896	False
1	11	15	31	4898	False
1	11	14	37	4899	False
1	11	6	38	4901	False
1	11	3	67	4909	False
1	11	3	68	4910	False
1	11	13	87	4910	False
1	11	9	80	4911	False
1	11	10	53	4912	False
1	11	9	81	4916	False
1	11	1	30	4920	False
1	11	4	69	4926	False
1	11	4	70	4928	False
1	11	5	41	4940	False
1	11	13	88	4940	False
1	11	5	42	4941	False
1	11	6	39	4942	False
1	11	7	60	4943	False
1	11	7	61	4944	False
1	11	6	40	4945	False
1	11	3	69	4948	False
1	11	7	62	4954	False
1	11	15	32	4956	False
1	11	15	33	4958	False
1	11	5	43	4966	False
1	11	15	34	4969	False
1	11	7	63	4972	False
1	11	6	41	5000	False
1	11	10	54	5005	False
1	11	15	35	5525	False
1	11	8	7	5525	False
1	11	8	9	5525	False
1	11	3	75	5525	False
1	11	12	68	5525	False
1	11	12	74	5525	False
1	11	13	93	5525	False
1	11	1	31	5530	False
1	11	1	32	5531	False
1	11	3	80	5535	False
1	11	3	81	5537	False
1	11	3	82	5537	False
1	11	1	33	5538	False
1	11	3	83	5540	False
1	11	8	12	5544	False
1	11	6	48	5551	False
1	11	8	13	5560	False
1	11	15	36	5671	False
1	11	8	20	5671	False
1	11	1	34	5671	False
1	11	13	96	5671	False
1	11	13	97	5671	False
1	11	3	87	5677	False
1	11	15	37	5933	False
1	11	7	74	5933	False
1	11	3	90	5933	False
1	11	3	101	5933	False
1	11	3	107	5933	False
1	11	2	48	5933	False
1	11	2	49	5933	False
1	11	14	59	5933	False
1	11	13	112	5933	False
1	11	13	114	5933	False
1	11	13	117	5933	False
1	11	1	35	5935	False
1	11	3	108	5954	False
1	11	2	50	5958	False
1	11	4	80	5966	False
1	11	13	121	5978	False
1	11	4	81	5979	False
1	11	15	38	5990	False
1	11	9	84	5990	False
1	11	1	36	5990	False
1	11	3	109	5990	False
1	11	4	82	5990	False
1	11	4	83	5990	False
1	11	12	84	5990	False
1	11	14	61	5990	False
1	11	13	123	5990	False
1	11	1	38	5998	False
1	11	10	1	259	False
1	11	10	2	263	False
1	11	10	3	268	False
1	11	13	6	269	False
1	11	13	7	270	False
1	11	13	8	271	False
1	11	2	1	273	False
1	11	2	2	274	False
1	11	2	3	276	False
1	11	13	9	276	False
1	11	4	4	277	False
1	11	4	5	289	False
1	11	7	1	295	False
1	11	5	1	313	False
1	11	4	6	323	False
1	11	4	7	325	False
1	11	4	8	327	False
1	11	10	4	455	False
1	11	7	3	455	False
1	11	2	7	455	False
1	11	2	9	455	False
1	11	12	1	455	False
1	11	2	10	461	False
1	11	10	5	463	False
1	11	5	2	464	False
1	11	5	3	465	False
1	11	5	4	473	False
1	11	7	4	482	False
1	11	7	5	484	False
1	11	7	6	486	False
1	11	7	7	492	False
1	11	7	8	494	False
1	11	13	15	506	False
1	11	3	7	507	False
1	11	13	16	507	False
1	11	13	17	508	False
1	11	13	18	509	False
1	11	5	5	523	False
1	11	5	6	538	False
1	11	7	9	541	False
1	11	6	1	544	False
1	11	10	6	565	False
1	11	7	10	565	False
1	11	5	7	566	False
1	11	7	11	585	False
1	11	13	19	596	False
1	11	13	20	598	False
1	11	13	21	600	False
1	11	3	8	605	False
1	11	13	22	605	False
1	11	13	23	607	False
1	11	13	24	609	False
1	11	13	25	610	False
1	11	9	1	611	False
1	11	9	2	612	False
1	11	13	26	612	False
1	11	13	27	612	False
1	11	11	1	613	False
1	11	10	7	614	False
1	11	11	2	616	False
1	11	5	8	1206	False
1	11	14	4	1206	False
1	11	10	9	2089	False
1	11	12	12	2089	False
1	11	5	12	2090	False
1	11	5	13	2091	False
1	11	10	10	2394	False
1	11	9	22	2394	False
1	11	6	3	2406	False
1	11	10	11	2409	False
1	11	9	24	2416	False
1	11	5	14	2447	False
1	11	5	15	2448	False
1	11	5	16	2450	False
1	11	6	4	2451	False
1	11	7	21	2451	False
1	11	7	22	2452	False
1	11	7	23	2453	False
1	11	7	24	2454	False
1	11	7	25	2455	False
1	11	7	26	2471	False
1	11	5	17	2478	False
1	11	4	32	2496	False
1	11	3	31	2625	False
1	11	13	52	2625	False
1	11	3	32	2641	False
1	11	5	18	2654	False
1	11	3	33	2654	False
1	11	5	19	2656	False
1	11	7	27	2669	False
1	11	7	28	2670	False
1	11	9	25	2681	False
1	11	7	29	2685	False
1	11	9	26	2686	False
1	11	7	30	2687	False
1	11	7	31	2688	False
1	11	7	32	2690	False
1	11	6	6	2694	False
1	11	9	28	2724	False
1	11	6	9	2726	False
1	11	7	33	2741	False
1	11	10	15	2743	False
1	11	5	20	2752	False
1	11	6	10	2753	False
1	11	7	34	2753	False
1	11	6	11	2754	False
1	11	7	35	2782	False
1	11	4	34	2846	False
1	11	12	16	2882	False
1	11	12	17	2886	False
1	11	12	18	2888	False
1	11	7	36	2947	False
1	11	10	17	3004	False
1	11	10	18	3007	False
1	11	10	19	3021	False
1	11	13	57	3027	False
1	11	4	35	3037	False
1	11	4	36	3039	False
1	11	5	21	3041	False
1	11	7	38	3050	False
1	11	5	22	3060	False
1	11	10	20	3064	False
1	11	10	21	3064	False
1	11	5	23	3064	False
1	11	10	22	3065	False
1	11	10	23	3065	False
1	11	10	24	3075	False
1	11	10	25	3081	False
1	11	10	26	3082	False
1	11	9	29	3085	False
1	11	9	30	3086	False
1	11	9	31	3087	False
1	11	5	24	3087	False
1	11	11	3	3087	False
1	11	6	17	3089	False
1	11	6	18	3090	False
1	11	3	39	3090	False
1	11	3	40	3100	False
1	11	2	25	3115	False
1	11	2	26	3119	False
1	11	2	28	3126	False
1	11	4	37	3130	False
1	11	4	38	3134	False
1	11	12	24	3143	False
1	11	14	14	3143	False
1	11	12	25	3144	False
1	11	12	26	3145	False
1	11	14	15	3145	False
1	11	12	27	3146	False
1	11	14	16	3146	False
1	11	12	28	3147	False
1	11	9	32	3173	False
1	11	11	4	3174	False
1	11	10	27	3191	False
1	11	10	28	3192	False
1	11	11	5	3197	False
1	11	13	58	3238	False
1	11	2	29	3242	False
1	11	2	30	3243	False
1	11	13	59	3245	False
1	11	4	40	3247	False
1	11	6	21	3248	False
1	11	2	31	3253	False
1	11	13	60	3262	False
1	11	3	41	3264	False
1	11	13	61	3264	False
1	11	3	42	3265	False
1	11	13	62	3271	False
1	11	3	43	3275	False
1	11	3	44	3276	False
1	11	3	45	3290	False
1	11	14	20	3292	False
1	11	13	63	3294	False
1	11	13	64	3301	False
1	11	3	46	3303	False
1	11	10	30	3304	False
1	11	3	47	3305	False
1	11	10	31	3307	False
1	11	3	48	3312	False
1	11	7	39	3314	False
1	11	3	49	3314	False
1	11	13	65	3315	False
1	11	13	66	3316	False
1	11	13	67	3317	False
1	11	3	50	3319	False
1	11	3	51	3320	False
1	11	10	32	3324	False
1	11	3	52	3328	False
1	11	13	68	3331	False
1	11	12	29	3333	False
1	11	7	41	3337	False
1	11	5	25	3351	False
1	11	5	26	3365	False
1	11	10	33	3495	False
1	11	5	27	3498	False
1	11	5	28	3506	False
1	11	7	43	3508	False
1	11	10	34	3569	False
1	11	3	54	3569	False
1	11	12	32	3569	False
1	11	13	70	3569	False
1	11	9	33	3572	False
1	11	13	72	3576	False
1	11	6	23	3577	False
1	11	3	55	3577	False
1	11	9	34	3579	False
1	11	9	35	3584	False
1	11	9	36	3586	False
1	11	9	37	3586	False
1	11	9	38	3589	False
1	11	9	39	3592	False
1	11	10	35	3593	False
1	11	9	40	3594	False
1	11	5	29	3595	False
1	11	7	44	3595	False
1	11	5	30	3596	False
1	11	6	24	3596	False
1	11	7	45	3596	False
1	11	5	31	3597	False
1	11	7	46	3597	False
1	11	5	32	3614	False
1	11	13	73	3617	False
1	11	13	74	3619	False
1	11	13	75	3620	False
1	11	12	33	3622	False
1	11	14	21	3623	False
1	11	14	22	3624	False
1	11	14	23	3625	False
1	11	14	24	3626	False
1	11	14	25	3627	False
1	11	14	26	3628	False
1	11	14	27	3629	False
1	11	13	76	3633	False
1	11	3	56	3634	False
1	11	13	77	3634	False
1	11	3	57	3635	False
1	11	13	78	3635	False
1	11	13	79	3636	False
1	11	13	80	3637	False
1	11	3	58	3638	False
1	11	9	57	3869	False
1	11	4	45	3886	False
1	11	5	33	3887	False
1	11	5	34	3888	False
1	11	6	26	3889	False
1	11	7	47	3889	False
1	11	9	58	3903	False
1	11	9	59	3908	False
1	11	9	60	3908	False
1	11	9	61	3908	False
1	11	9	62	3920	False
1	11	6	27	3926	False
1	11	9	63	3928	False
1	11	7	48	3929	False
1	11	4	47	3949	False
1	11	4	49	3961	False
1	11	10	37	4179	False
1	11	7	49	4179	False
1	11	7	50	4179	False
1	11	12	38	4179	False
1	11	5	35	4180	False
1	11	10	38	4185	False
1	11	14	28	4191	False
1	11	5	36	4192	False
1	11	14	29	4192	False
1	11	3	61	4193	False
1	11	14	30	4193	False
1	11	12	39	4198	False
1	11	10	39	4199	False
1	11	7	55	4200	False
1	11	7	56	4207	False
1	11	14	31	4217	False
1	11	14	32	4220	False
1	11	10	40	4266	False
1	11	10	41	4272	False
1	11	10	42	4273	False
1	11	10	43	4275	False
1	11	6	31	4279	False
1	11	9	65	4297	False
1	11	10	44	4393	True
1	11	9	69	4393	False
1	11	11	6	4393	False
1	11	10	45	4394	False
1	11	11	7	4394	False
1	11	10	46	4395	False
1	11	10	47	4396	False
1	11	11	8	4396	False
1	11	10	48	4397	False
1	11	6	32	4397	False
1	11	10	49	4398	False
1	11	10	50	4399	False
1	11	9	70	4399	False
1	11	9	71	4401	False
1	11	10	51	4554	False
1	11	6	33	4554	False
1	11	9	74	4565	False
1	11	1	24	4741	False
1	11	5	38	4766	False
1	11	7	59	4767	False
1	11	13	85	4767	False
1	11	5	39	4768	False
1	11	5	40	4770	False
1	11	12	40	4771	False
1	11	6	34	4773	False
1	11	6	35	4774	False
1	11	3	66	4774	False
1	11	6	36	4775	False
1	11	6	37	4783	False
1	11	13	86	4795	False
1	11	14	33	4798	False
1	11	14	34	4800	False
1	11	12	41	4801	False
1	11	12	42	4802	False
1	11	12	43	4803	False
1	11	12	44	4803	False
1	11	12	45	4813	False
1	11	12	46	4828	False
1	11	9	78	4831	False
1	11	11	9	4831	False
1	11	5	44	5026	False
1	11	5	45	5027	False
1	11	6	42	5027	False
1	11	5	46	5028	False
1	11	6	43	5028	False
1	11	7	64	5028	False
1	11	6	44	5029	False
1	11	7	65	5029	False
1	11	7	66	5030	False
1	11	7	67	5032	False
1	11	12	48	5039	False
1	11	3	70	5040	False
1	11	7	68	5047	False
1	11	14	38	5054	False
1	11	10	55	5057	False
1	11	10	56	5059	False
1	11	14	39	5060	False
1	11	13	89	5078	False
1	11	3	71	5081	False
1	11	12	49	5083	False
1	11	7	69	5084	False
1	11	3	72	5092	False
1	11	5	47	5095	False
1	11	5	48	5109	False
1	11	10	57	5162	False
1	11	12	50	5162	False
1	11	12	53	5162	False
1	11	12	56	5179	False
1	11	12	57	5182	False
1	11	12	58	5183	False
1	11	7	70	5184	False
1	11	12	59	5185	False
1	11	5	49	5189	False
1	11	12	60	5193	False
1	11	2	44	5202	False
1	11	7	71	5203	False
1	11	7	72	5204	False
1	11	5	50	5205	False
1	11	7	73	5205	False
1	11	5	51	5206	False
1	11	6	45	5213	False
1	11	12	61	5215	False
1	11	6	46	5219	False
1	11	12	62	5219	False
1	11	10	58	5251	False
1	11	10	59	5253	False
1	11	10	60	5254	False
1	11	10	61	5255	False
1	11	10	62	5256	False
1	11	11	10	5256	False
1	11	10	63	5307	False
1	11	9	82	5307	False
1	11	6	47	5307	False
1	11	4	71	5307	False
1	11	4	72	5309	False
1	11	4	73	5310	False
1	11	4	74	5311	False
1	11	13	90	5313	False
1	11	13	91	5315	False
1	11	2	45	5318	False
1	11	10	64	5731	False
1	11	14	54	5731	False
1	11	13	102	5731	False
1	11	13	107	5731	False
1	11	10	65	5732	False
1	11	13	108	5733	False
1	11	10	66	5734	False
1	11	13	109	5735	False
1	11	6	50	5736	False
1	11	13	110	5737	False
1	11	13	111	5738	False
1	11	6	51	5741	False
1	11	8	22	5761	False
1	11	3	91	5763	False
1	11	12	79	5764	False
1	11	8	23	5765	False
1	11	3	92	5780	False
1	11	6	52	5781	False
1	11	3	93	5781	False
1	11	4	77	5806	False
1	11	3	94	5814	False
1	11	13	113	5828	False
1	11	3	95	5837	False
1	11	8	24	5841	False
1	11	3	96	5841	False
1	11	4	78	5847	False
1	11	2	46	5849	False
1	11	4	9	622	False
1	11	4	10	624	False
1	11	13	28	646	False
1	11	13	29	682	False
1	11	14	1	749	False
1	11	14	2	753	True
1	11	9	3	1802	False
1	11	9	4	1905	False
1	11	9	7	1963	False
1	11	9	8	1967	False
1	11	9	9	1969	False
1	11	9	10	1969	False
1	11	9	11	1974	False
1	11	9	12	2217	False
1	11	3	30	2217	False
1	11	13	50	2217	False
1	11	9	13	2219	False
1	11	9	14	2221	False
1	11	9	15	2229	False
1	11	9	16	2230	False
1	11	9	17	2231	False
1	11	9	18	2233	False
1	11	9	19	2236	False
1	11	9	20	2238	False
1	11	9	21	2269	False
1	11	9	23	2368	False
1	11	14	17	3181	False
1	11	14	18	3186	False
1	11	9	41	3646	False
1	11	9	42	3676	False
1	11	9	43	3678	False
1	11	9	44	3689	False
1	11	9	45	3701	False
1	11	9	46	3701	False
1	11	9	47	3705	False
1	11	9	48	3706	False
1	11	9	49	3720	False
1	11	3	59	3723	False
1	11	3	60	3729	False
1	11	9	50	3751	True
1	11	4	43	3751	False
1	11	4	44	3754	False
1	11	9	51	3779	False
1	11	8	1	3779	False
1	11	9	52	3799	False
1	11	9	54	3816	False
1	11	9	55	3816	False
1	11	9	64	4034	False
1	11	2	38	4034	False
1	11	2	39	4034	False
1	11	6	30	4041	False
1	11	12	34	4061	False
1	11	9	66	4317	False
1	11	9	67	4319	False
1	11	9	68	4322	False
1	11	4	64	4334	False
1	11	9	72	4503	False
1	11	9	73	4506	False
1	11	9	75	4571	False
1	11	9	76	4578	False
1	11	9	77	4581	False
1	11	8	3	4833	False
1	11	12	47	4867	False
1	11	1	27	4875	False
1	11	12	63	5273	False
1	11	12	64	5304	False
1	11	12	65	5323	False
1	11	4	75	5331	False
1	11	14	41	5332	False
1	11	9	83	5333	False
1	11	12	66	5333	False
1	11	12	67	5333	False
1	11	14	42	5334	False
1	11	14	43	5337	False
1	11	14	44	5342	False
1	11	14	45	5351	False
1	11	4	41	3532	False
1	11	12	31	3536	False
1	11	4	42	3560	False
1	11	13	69	3563	False
1	11	2	32	3566	False
1	11	13	71	3566	False
1	11	3	53	3567	False
1	11	6	2	2191	False
1	11	6	5	2501	False
1	11	6	22	3416	False
1	11	2	42	4086	False
1	11	6	49	5601	False
1	11	8	17	5629	False
1	11	3	85	5631	False
1	11	6	53	5912	False
1	11	7	2	352	False
1	11	2	4	371	False
1	11	2	5	376	False
1	11	13	10	390	False
1	11	13	11	392	False
1	11	2	6	394	True
1	11	13	12	394	False
1	11	13	13	395	False
1	11	13	14	396	False
1	11	2	8	453	False
1	11	7	12	1084	False
1	11	4	14	1084	False
1	11	2	13	1084	False
1	11	13	34	1084	False
1	11	7	13	1092	False
1	11	7	14	1097	False
1	11	7	15	1099	False
1	11	3	21	1140	False
1	11	13	40	1202	False
1	11	7	18	1551	False
1	11	3	26	1983	False
1	11	3	27	1986	False
1	11	12	10	1989	False
1	11	3	28	1992	False
1	11	4	29	1996	False
1	11	12	11	2026	False
1	11	2	21	2058	False
1	11	2	22	2060	False
1	11	2	23	2063	False
1	11	12	13	2087	False
1	11	7	42	3427	False
1	11	12	30	3449	False
1	11	4	63	4071	False
1	11	12	35	4081	False
1	11	12	36	4084	False
1	11	12	37	4093	False
1	11	7	51	4124	False
1	11	7	52	4128	False
1	11	7	53	4130	False
1	11	7	54	4130	False
1	11	12	51	5135	False
1	11	12	52	5141	False
1	11	12	54	5141	False
1	11	12	55	5143	False
1	11	2	43	5149	False
1	11	4	79	5876	False
1	11	2	47	5876	False
1	11	14	56	5876	False
1	11	3	97	5877	False
1	11	14	57	5877	False
1	11	3	98	5878	False
1	11	14	58	5878	False
1	11	3	99	5879	False
1	11	13	115	5880	False
1	11	12	80	5884	False
1	11	3	100	5887	False
1	11	13	116	5891	False
1	11	3	102	5892	False
1	11	3	103	5894	False
1	11	3	104	5894	False
1	11	13	118	5914	False
1	11	7	75	5917	False
1	11	3	105	5921	False
1	11	13	119	5922	False
1	11	3	106	5924	False
1	11	13	120	5928	False
1	11	8	5	5418	False
1	11	8	6	5421	False
1	11	12	69	5428	False
1	11	3	77	5429	False
1	11	12	70	5429	False
1	11	12	71	5430	False
1	11	3	78	5431	False
1	11	8	8	5432	False
1	11	14	52	5435	False
1	11	12	72	5440	True
1	11	13	94	5444	False
1	11	8	10	5452	False
1	11	8	11	5454	False
1	11	12	73	5510	False
1	11	3	79	5511	False
1	11	12	75	5518	False
1	11	3	84	5567	False
1	11	3	86	5578	False
1	11	13	95	5586	False
1	11	8	14	5615	False
1	11	8	15	5619	False
1	11	13	98	5620	False
1	11	8	16	5625	False
1	11	8	18	5633	False
1	11	8	19	5635	False
1	11	13	99	5657	False
1	11	13	100	5665	False
1	11	13	101	5696	False
1	11	12	76	5697	False
1	11	14	53	5698	False
1	11	12	77	5699	False
1	11	12	78	5703	False
1	11	3	88	5705	False
1	11	14	55	5711	False
1	11	8	21	5713	False
1	11	13	103	5714	False
1	11	13	104	5715	False
1	11	13	105	5716	False
1	11	3	89	5720	False
1	11	13	106	5722	False
1	11	4	51	3975	False
1	11	4	52	3976	False
1	11	4	53	3980	False
1	11	13	122	5980	False
1	11	1	37	5982	False
1	11	14	60	5982	False
1	11	12	81	5983	False
1	11	12	82	5984	False
1	11	12	83	5985	False
1	11	3	2	6	False
1	11	13	2	11	False
1	11	13	3	19	False
1	11	13	5	24	False
1	11	3	4	115	False
1	11	3	5	117	False
1	11	3	6	121	False
1	11	3	9	825	False
1	11	12	3	833	False
1	11	3	10	836	False
1	11	13	31	844	False
1	11	3	11	869	False
1	11	3	12	872	False
1	11	12	4	872	False
1	11	3	13	874	False
1	11	3	14	874	False
1	11	3	15	875	False
1	11	12	5	875	False
1	11	14	3	875	False
1	11	3	16	876	False
1	11	12	6	878	False
1	11	3	17	884	False
1	11	3	18	885	False
1	11	12	7	900	False
1	11	13	32	907	False
1	11	13	33	908	False
1	11	13	35	929	False
1	11	3	19	938	False
1	11	13	36	959	False
1	11	4	11	965	False
1	11	4	12	970	False
1	11	13	37	970	False
1	11	12	8	1005	False
1	11	2	11	1019	False
1	11	2	12	1020	False
1	11	13	38	1021	False
1	11	4	13	1023	False
1	11	13	39	1023	False
1	11	3	20	1030	False
1	11	3	29	2172	False
1	11	14	11	2172	False
1	11	12	14	2174	False
1	11	14	12	2174	False
1	11	12	15	2175	False
1	11	13	51	2215	False
1	11	4	30	2216	False
1	11	4	31	2220	False
1	11	3	73	5367	False
1	11	14	48	5367	False
1	11	3	74	5368	False
1	11	14	49	5368	False
1	11	14	50	5369	False
1	11	14	51	5373	False
1	11	13	92	5373	False
1	11	3	76	5380	False
1	11	4	76	5414	False
1	11	13	30	809	False
1	11	12	2	817	False
1	11	4	16	1446	False
1	11	4	18	1621	False
1	11	13	45	1621	False
1	11	4	19	1622	False
1	11	13	46	1622	False
1	11	4	20	1626	False
1	11	13	47	1627	False
1	11	4	21	1655	False
1	11	4	22	1742	False
1	11	4	23	1746	False
1	11	4	24	1758	False
1	11	4	33	2586	False
1	11	4	58	4011	False
1	11	13	81	4021	False
1	11	13	82	4022	False
1	11	2	33	4024	False
1	11	2	34	4025	False
1	11	2	35	4026	False
1	11	2	36	4026	False
1	11	4	59	4027	False
1	11	2	37	4027	False
1	11	4	60	4028	False
1	11	4	61	4029	False
1	11	4	62	4029	False
1	11	4	65	4456	False
1	11	4	66	4541	True
1	11	4	67	4631	False
1	11	14	40	5327	False
1	11	14	46	5365	False
1	11	14	47	5366	False
1	11	13	42	1617	False
1	11	13	43	1618	False
1	11	13	44	1619	False
1	11	2	40	4030	False
1	11	2	41	4065	False
1	11	14	6	2167	False
1	11	14	7	2168	False
1	11	14	8	2169	False
1	11	14	9	2170	False
1	11	14	10	2171	False
1	11	13	48	1629	False
1	13	8	28	1184	False
1	13	8	36	1184	False
1	13	8	37	1234	False
1	13	8	38	1238	False
1	13	8	48	1807	False
1	13	8	49	1809	False
1	13	8	50	1824	False
1	13	8	62	2111	False
1	13	8	64	2118	False
1	13	8	65	2132	False
1	13	8	61	2133	False
1	13	8	74	2417	False
1	13	8	78	2417	False
1	13	8	90	2762	False
1	13	8	92	2762	False
1	13	8	105	3182	False
1	13	8	121	3182	False
1	13	6	67	3184	False
1	13	6	68	3191	False
1	13	8	122	3193	False
1	13	6	70	3246	False
1	13	8	127	3253	False
1	13	8	128	3255	False
1	13	8	132	3340	False
1	13	6	76	3785	False
1	13	6	80	3785	False
1	13	6	88	3785	False
1	13	6	90	3785	False
1	13	6	91	3785	False
1	13	1	39	3785	False
1	13	2	51	3801	False
1	13	10	89	4205	False
1	13	6	107	4205	False
1	13	6	112	4205	False
1	13	6	113	4205	False
1	13	6	115	4205	False
1	13	2	54	4205	False
1	13	2	67	4205	False
1	13	2	68	4205	False
1	13	10	92	4209	False
1	13	6	108	4209	False
1	13	6	116	4209	False
1	13	1	40	4211	False
1	13	10	93	4213	False
1	13	6	117	4213	False
1	13	10	94	4214	False
1	13	10	95	4215	False
1	13	10	96	4217	False
1	13	6	118	4218	False
1	13	1	41	4220	False
1	13	6	119	4238	False
1	13	10	97	4241	False
1	13	11	27	4241	False
1	13	10	98	4242	False
1	13	10	99	4243	False
1	13	1	42	4291	False
1	13	12	85	4291	False
1	13	2	70	4309	False
1	13	6	125	4394	False
1	13	1	43	4400	False
1	13	1	44	4408	False
1	13	10	103	4527	False
1	13	10	106	4527	False
1	13	9	86	4527	False
1	13	6	127	4527	False
1	13	6	128	4527	False
1	13	6	129	4552	False
1	13	6	130	4553	False
1	13	7	76	4553	False
1	13	7	77	4554	False
1	13	5	60	4555	False
1	13	7	78	4555	False
1	13	5	61	4556	False
1	13	7	79	4556	False
1	13	5	62	4557	False
1	13	5	63	4558	False
1	13	6	131	4558	False
1	13	7	80	4558	False
1	13	1	45	4570	False
1	13	1	46	4578	False
1	13	6	132	4586	False
1	13	1	47	4622	False
1	13	1	48	4623	False
1	13	12	91	4661	False
1	13	6	133	4662	False
1	13	12	92	4662	False
1	13	12	93	4663	False
1	13	6	134	4665	False
1	13	12	94	4670	False
1	13	14	62	4670	False
1	13	12	95	4675	False
1	13	12	96	4678	False
1	13	14	63	4678	False
1	13	6	135	4691	False
1	13	15	39	4694	False
1	13	15	40	4729	False
1	13	4	84	4734	False
1	13	6	136	4736	False
1	13	15	41	4737	False
1	13	9	87	4743	False
1	13	13	124	4747	False
1	13	9	88	4758	False
1	13	14	65	4761	False
1	13	12	97	4763	False
1	13	9	89	4772	False
1	13	12	98	4772	False
1	13	9	90	4775	False
1	13	9	91	4777	False
1	13	14	66	4787	False
1	13	12	99	4788	False
1	13	14	67	4789	False
1	13	1	49	4796	False
1	13	15	42	4799	False
1	13	15	43	4800	False
1	13	15	44	4811	False
1	13	13	125	4813	False
1	13	13	126	4814	False
1	13	15	45	4832	False
1	13	12	100	4843	False
1	13	13	127	4843	False
1	13	3	110	4846	False
1	13	12	101	4855	False
1	13	12	102	4860	False
1	13	15	46	4861	False
1	13	3	111	4861	False
1	13	3	112	4862	False
1	13	15	47	4863	False
1	13	3	113	4863	False
1	13	12	103	4863	False
1	13	3	114	4864	False
1	13	4	85	4864	False
1	13	2	72	4869	False
1	13	4	86	4879	False
1	13	2	73	4880	False
1	13	4	87	4882	False
1	13	3	115	4885	False
1	13	2	74	4885	False
1	13	3	116	4896	False
1	13	15	48	4897	False
1	13	15	49	4937	False
1	13	12	107	4937	False
1	13	12	108	4938	False
1	13	12	109	4939	False
1	13	12	110	4942	False
1	13	14	68	4942	False
1	13	12	111	4943	False
1	13	14	69	4943	False
1	13	12	112	4944	False
1	13	14	70	4944	False
1	13	15	50	4945	False
1	13	12	113	4945	False
1	13	14	71	4945	False
1	13	13	128	4945	False
1	13	12	114	4946	False
1	13	14	72	4946	False
1	13	1	50	4952	False
1	13	1	51	4953	False
1	13	3	117	4960	False
1	13	3	118	4962	False
1	13	12	115	4970	False
1	13	14	73	4971	False
1	13	14	74	4972	False
1	13	3	119	4973	False
1	13	12	116	4973	False
1	13	14	75	4973	False
1	13	14	76	4974	False
1	13	14	77	4975	False
1	13	3	120	4986	False
1	13	14	78	4986	False
1	13	3	121	4987	True
1	13	13	129	4989	False
1	13	13	130	4991	False
1	13	13	131	4992	False
1	13	13	132	4993	False
1	13	13	133	4993	False
1	13	13	134	4994	False
1	13	13	135	4996	False
1	13	15	51	5288	False
1	13	7	84	5288	False
1	13	6	142	5289	False
1	13	3	122	5292	False
1	13	12	117	5292	False
1	13	13	143	5300	False
1	13	10	107	5306	False
1	13	1	52	5306	False
1	13	1	53	5307	False
1	13	12	118	5307	False
1	13	1	54	5308	False
1	13	1	55	5309	False
1	13	12	119	5310	False
1	13	12	120	5310	False
1	13	12	121	5312	False
1	13	12	122	5312	False
1	13	3	123	5315	False
1	13	4	92	5315	False
1	13	12	123	5318	False
1	13	10	108	5334	False
1	13	5	66	5336	False
1	13	5	67	5337	False
1	13	7	86	5340	False
1	13	7	87	5340	False
1	13	5	68	5341	False
1	13	7	88	5341	False
1	13	7	89	5341	False
1	13	5	69	5342	False
1	13	5	70	5343	False
1	13	5	71	5344	False
1	13	5	72	5345	False
1	13	15	52	5434	False
1	13	1	56	5434	False
1	13	1	57	5434	False
1	13	1	58	5434	False
1	13	3	126	5434	False
1	13	3	127	5434	False
1	13	13	145	5434	False
1	13	13	147	5434	False
1	13	15	53	5436	False
1	13	15	54	5439	False
1	13	15	55	5440	False
1	13	1	59	5440	False
1	13	15	56	5441	False
1	13	15	57	5442	False
1	13	15	58	5444	False
1	13	13	148	5444	False
1	13	1	60	5453	False
1	13	1	61	5454	False
1	13	9	97	5455	False
1	13	1	62	5455	False
1	13	15	59	5457	False
1	13	1	63	5457	False
1	13	1	64	5458	False
1	13	1	65	5474	False
1	13	13	149	5477	False
1	13	14	79	5478	False
1	13	13	150	5479	False
1	13	15	60	5789	False
1	13	10	111	5789	False
1	13	9	104	5789	False
1	13	6	150	5789	False
1	13	1	66	5789	False
1	13	3	131	5789	False
1	13	13	153	5789	False
1	13	11	30	5789	False
1	13	15	61	5790	False
1	13	15	62	5799	False
1	13	6	154	5809	False
1	13	1	67	5819	False
1	13	3	132	5820	False
1	13	10	112	5822	False
1	13	15	63	5825	False
1	13	8	27	1118	False
1	13	8	34	1123	False
1	13	8	35	1144	False
1	13	8	59	2035	False
1	13	11	11	2294	False
1	13	6	54	2318	False
1	13	6	55	2318	False
1	13	11	12	2338	False
1	13	6	57	2476	False
1	13	6	58	2481	False
1	13	6	71	3284	False
1	13	8	129	3291	False
1	13	8	134	3467	False
1	13	8	138	3483	False
1	13	6	77	3491	False
1	13	6	78	3500	False
1	13	11	14	3534	False
1	13	6	79	3536	False
1	13	8	139	3537	False
1	13	8	140	3554	False
1	13	8	141	3560	False
1	13	8	143	3592	False
1	13	8	144	3593	False
1	13	8	145	3594	False
1	13	6	81	3598	False
1	13	6	82	3599	False
1	13	11	15	3604	False
1	13	6	83	3610	False
1	13	6	84	3611	False
1	13	6	85	3611	False
1	13	6	86	3621	False
1	13	6	87	3623	False
1	13	8	146	3629	False
1	13	11	16	3705	False
1	13	6	89	3716	False
1	13	11	17	3814	False
1	13	11	18	3814	False
1	13	11	19	3814	False
1	13	11	20	3818	False
1	13	11	21	3819	False
1	13	11	22	3819	False
1	13	11	23	3821	False
1	13	11	24	3822	False
1	13	2	52	3823	False
1	13	11	25	3825	False
1	13	2	53	3836	False
1	13	6	93	3850	False
1	13	10	67	3857	False
1	13	10	68	3861	False
1	13	10	69	3862	False
1	13	11	26	3862	False
1	13	10	70	3863	False
1	13	10	71	3885	False
1	13	10	72	3892	False
1	13	6	94	3899	False
1	13	10	73	3900	False
1	13	10	74	3900	False
1	13	6	95	3901	False
1	13	10	75	3903	False
1	13	6	96	3903	False
1	13	6	97	3905	False
1	13	6	98	3911	False
1	13	6	99	3915	False
1	13	10	76	3934	False
1	13	10	77	3934	False
1	13	10	78	3936	False
1	13	10	79	3937	False
1	13	10	80	3940	False
1	13	10	81	3944	False
1	13	10	82	3947	False
1	13	10	83	3950	False
1	13	6	100	3950	False
1	13	10	84	3951	False
1	13	6	101	3952	False
1	13	6	102	3956	False
1	13	10	85	3982	False
1	13	10	86	3998	False
1	13	10	87	3999	False
1	13	2	55	4018	False
1	13	2	56	4021	False
1	13	2	57	4024	False
1	13	6	103	4056	False
1	13	2	58	4066	False
1	13	2	59	4073	False
1	13	2	60	4075	False
1	13	2	61	4080	False
1	13	2	62	4086	False
1	13	2	63	4087	False
1	13	10	88	4113	False
1	13	6	104	4126	False
1	13	6	114	4201	False
1	13	10	90	4202	False
1	13	10	91	4203	False
1	13	6	120	4252	False
1	13	10	100	4253	False
1	13	5	52	4262	False
1	13	5	53	4263	False
1	13	5	54	4270	False
1	13	6	121	4270	False
1	13	10	101	4289	False
1	13	2	71	4312	False
1	13	5	55	4357	False
1	13	5	56	4379	False
1	13	5	57	4380	False
1	13	5	58	4381	False
1	13	6	122	4381	False
1	13	5	59	4382	False
1	13	6	123	4382	False
1	13	6	124	4383	False
1	13	9	85	4439	False
1	13	6	126	4441	False
1	13	11	28	4445	False
1	13	10	102	4486	False
1	13	12	86	4489	False
1	13	10	104	4496	False
1	13	10	105	4500	False
1	13	12	87	4501	False
1	13	12	88	4502	False
1	13	12	89	4503	False
1	13	12	90	4504	False
1	13	10	109	5348	False
1	13	4	93	5353	False
1	13	13	144	5356	False
1	13	3	125	5364	False
1	13	4	94	5364	False
1	13	7	90	5365	False
1	13	10	110	5721	False
1	13	4	96	5721	False
1	13	11	29	5721	False
1	13	9	106	5729	False
1	13	8	147	5739	False
1	13	6	152	5746	False
1	13	6	153	5749	False
1	13	2	82	5749	False
1	13	13	151	5749	False
1	13	4	98	5754	True
1	13	5	73	5758	False
1	13	13	152	5758	False
1	13	3	130	5760	False
1	13	10	113	5941	False
1	13	7	92	5941	False
1	13	2	84	5941	False
1	13	10	114	5944	False
1	13	6	158	5944	False
1	13	6	157	5946	False
1	13	6	159	5947	False
1	13	6	160	5948	False
1	13	10	115	5955	False
1	13	10	116	5976	False
1	13	10	117	5978	True
1	13	8	148	5979	False
1	13	10	118	5981	False
1	13	8	32	1003	False
1	13	8	45	1731	False
1	13	8	46	1761	False
1	13	8	47	1803	False
1	13	8	63	2073	False
1	13	8	66	2141	False
1	13	8	67	2143	False
1	13	8	68	2146	False
1	13	8	69	2147	False
1	13	8	70	2150	False
1	13	8	71	2155	False
1	13	8	72	2163	False
1	13	8	73	2170	False
1	13	8	75	2176	False
1	13	8	76	2186	False
1	13	6	56	2321	False
1	13	8	85	2366	False
1	13	8	86	2369	False
1	13	8	113	3008	False
1	13	8	117	3174	False
1	13	8	135	3390	False
1	13	6	75	3423	False
1	13	8	136	3437	False
1	13	8	137	3462	False
1	13	11	13	3502	False
1	13	8	142	3569	False
1	13	6	92	3843	False
1	13	2	64	4162	False
1	13	2	65	4163	False
1	13	2	66	4164	False
1	13	6	105	4173	False
1	13	6	106	4178	False
1	13	6	109	4187	False
1	13	2	69	4190	False
1	13	6	110	4194	False
1	13	6	111	4195	False
1	13	9	92	5208	False
1	13	9	93	5208	False
1	13	2	78	5208	False
1	13	9	94	5210	False
1	13	9	95	5218	False
1	13	9	96	5222	False
1	13	9	98	5492	False
1	13	9	99	5494	False
1	13	9	100	5500	False
1	13	9	101	5579	False
1	13	9	102	5586	False
1	13	9	103	5589	False
1	13	9	105	5608	False
1	13	14	80	5620	False
1	13	14	81	5623	False
1	13	6	145	5647	False
1	13	6	146	5650	False
1	13	4	97	5656	False
1	13	6	147	5667	False
1	13	6	148	5669	False
1	13	6	149	5688	True
1	13	6	151	5719	False
1	13	11	31	5835	False
1	13	3	133	5845	False
1	13	3	134	5848	False
1	13	2	83	5848	False
1	13	5	74	5861	False
1	13	6	155	5876	False
1	13	6	156	5878	False
1	13	4	99	5883	False
1	13	3	135	5910	False
1	13	3	136	5913	False
1	13	3	137	5916	False
1	13	3	138	5918	False
1	13	8	33	1070	False
1	13	8	51	1883	False
1	13	8	83	2279	False
1	13	8	84	2279	False
1	13	5	64	5147	False
1	13	4	88	5147	False
1	13	5	65	5154	False
1	13	7	83	5154	False
1	13	3	124	5361	False
1	13	3	128	5408	False
1	13	13	146	5410	False
1	13	8	58	2023	False
1	13	8	60	2029	False
1	13	6	59	2576	False
1	13	8	88	2577	False
1	13	6	60	2789	False
1	13	6	61	2891	False
1	13	8	95	2891	False
1	13	8	98	2891	False
1	13	8	101	2891	False
1	13	8	102	2891	False
1	13	6	62	2899	False
1	13	8	103	2899	False
1	13	6	63	2905	True
1	13	6	64	3016	False
1	13	8	109	3016	False
1	13	6	65	3019	False
1	13	6	66	3180	False
1	13	6	69	3202	False
1	13	8	130	3302	False
1	13	6	72	3365	False
1	13	6	73	3411	False
1	13	6	74	3417	False
1	13	6	137	4906	False
1	13	6	138	5132	False
1	13	6	139	5143	False
1	13	7	81	5143	False
1	13	6	140	5241	False
1	13	6	141	5256	False
1	13	6	143	5556	False
1	13	6	144	5559	False
1	13	8	39	1349	False
1	13	8	40	1359	False
1	13	8	41	1361	False
1	13	8	42	1366	False
1	13	8	43	1369	False
1	13	8	44	1375	False
1	13	8	52	1990	False
1	13	8	53	2004	False
1	13	8	54	2007	False
1	13	8	55	2011	False
1	13	8	56	2013	False
1	13	8	57	2016	False
1	13	7	82	5149	False
1	13	4	90	5175	False
1	13	4	91	5196	False
1	13	7	85	5203	False
1	13	7	91	5552	False
1	13	4	95	5553	False
1	13	8	25	950	False
1	13	8	26	951	False
1	13	8	29	961	False
1	13	8	30	962	False
1	13	8	31	962	False
1	13	8	77	2234	False
1	13	8	79	2238	False
1	13	8	80	2241	False
1	13	8	81	2244	False
1	13	8	82	2248	False
1	13	8	87	2508	False
1	13	8	89	2586	False
1	13	8	91	2681	False
1	13	8	93	2813	False
1	13	8	94	2873	False
1	13	8	96	2876	False
1	13	8	97	2877	False
1	13	8	99	2881	False
1	13	8	100	2883	False
1	13	8	104	2907	False
1	13	8	106	2921	False
1	13	8	107	2935	False
1	13	8	108	2943	False
1	13	8	110	2973	False
1	13	8	111	2974	False
1	13	8	112	2982	False
1	13	8	114	2990	False
1	13	8	115	3065	False
1	13	8	116	3148	False
1	13	8	118	3175	False
1	13	8	119	3176	False
1	13	8	120	3177	False
1	13	8	123	3203	False
1	13	8	124	3203	False
1	13	8	125	3204	False
1	13	8	126	3205	False
1	13	8	131	3325	False
1	13	8	133	3386	False
1	13	14	64	4715	False
1	13	12	104	4918	False
1	13	12	105	4929	False
1	13	12	106	4933	False
1	13	2	75	5068	False
1	13	2	76	5069	False
1	13	3	129	5504	False
1	13	2	77	5070	False
1	13	13	136	5070	False
1	13	13	137	5077	False
1	13	13	138	5079	False
1	13	13	139	5082	False
1	13	13	140	5086	False
1	13	13	141	5090	False
1	13	13	142	5093	False
1	13	2	79	5095	False
1	13	2	80	5096	False
1	13	2	81	5097	False
1	13	4	89	5162	False
1	15	7	96	1602	False
1	15	7	97	1611	False
1	15	7	98	1614	False
1	15	7	99	1618	False
1	15	7	100	1647	False
1	15	7	101	1653	False
1	15	7	102	1660	False
1	15	7	103	1661	False
1	15	7	104	1663	False
1	15	7	105	1665	False
1	15	7	106	1666	False
1	15	7	107	1670	False
1	15	5	88	1839	False
1	15	7	124	1839	False
1	15	7	129	2410	False
1	15	10	122	2727	False
1	15	10	125	2727	False
1	15	14	84	2727	False
1	15	10	126	2728	False
1	15	10	127	2729	False
1	15	10	128	2730	False
1	15	10	129	2732	False
1	15	10	130	2733	False
1	15	10	131	2747	False
1	15	10	132	2748	False
1	15	10	133	2749	False
1	15	10	137	3023	False
1	15	10	140	3023	False
1	15	14	95	3023	False
1	15	10	143	3054	False
1	15	10	144	3055	False
1	15	10	145	3056	False
1	15	10	146	3057	False
1	15	11	32	3057	False
1	15	10	147	3058	False
1	15	11	33	3058	False
1	15	10	148	3059	False
1	15	14	99	3272	False
1	15	10	149	3283	False
1	15	14	100	3284	False
1	15	14	101	3285	False
1	15	10	158	3591	False
1	15	5	114	3591	False
1	15	7	144	3591	False
1	15	7	145	3591	False
1	15	7	146	3591	False
1	15	7	148	3591	False
1	15	14	104	3591	False
1	15	10	164	3595	False
1	15	7	149	3598	False
1	15	5	115	3600	False
1	15	7	150	3615	False
1	15	5	116	3616	False
1	15	7	151	3625	False
1	15	2	85	3631	False
1	15	2	86	3634	False
1	15	2	96	3695	False
1	15	2	94	3696	False
1	15	10	165	3714	False
1	15	10	166	3720	False
1	15	10	167	3725	False
1	15	7	153	3741	False
1	15	7	154	3741	False
1	15	14	105	3741	False
1	15	7	155	3742	False
1	15	2	97	3742	False
1	15	2	98	3743	False
1	15	2	99	3746	False
1	15	2	100	3754	False
1	15	5	118	3755	False
1	15	7	156	3757	False
1	15	7	159	3861	False
1	15	4	105	3861	False
1	15	4	107	3861	False
1	15	2	105	3861	False
1	15	2	108	3861	False
1	15	2	112	3861	False
1	15	2	114	3862	False
1	15	4	108	3863	False
1	15	4	109	3864	False
1	15	2	115	3864	False
1	15	2	116	3868	False
1	15	4	110	3869	False
1	15	2	117	3870	False
1	15	2	118	3874	False
1	15	2	119	3875	False
1	15	2	120	3875	False
1	15	2	121	3877	False
1	15	7	160	3879	False
1	15	4	111	3880	False
1	15	2	122	3882	False
1	15	2	123	3883	False
1	15	2	124	3884	False
1	15	5	120	3888	False
1	15	5	121	3889	False
1	15	4	112	3894	False
1	15	5	122	3916	False
1	15	2	125	3916	False
1	15	4	114	3924	False
1	15	2	126	3926	False
1	15	4	115	3931	False
1	15	4	116	3933	False
1	15	10	175	4006	False
1	15	10	177	4006	False
1	15	10	178	4006	False
1	15	5	125	4006	False
1	15	7	163	4006	False
1	15	7	164	4006	False
1	15	4	124	4006	False
1	15	4	126	4006	False
1	15	14	111	4006	False
1	15	7	165	4013	False
1	15	7	166	4016	False
1	15	4	127	4016	False
1	15	4	128	4016	False
1	15	7	167	4017	False
1	15	4	129	4020	False
1	15	4	130	4021	False
1	15	7	168	4031	False
1	15	7	169	4032	False
1	15	14	112	4036	False
1	15	14	113	4038	False
1	15	14	114	4039	False
1	15	2	130	4040	False
1	15	14	115	4040	False
1	15	5	129	4044	False
1	15	7	170	4045	False
1	15	5	130	4047	False
1	15	5	131	4048	False
1	15	5	132	4051	False
1	15	5	133	4052	False
1	15	7	171	4056	False
1	15	5	134	4061	False
1	15	5	135	4062	False
1	15	7	172	4063	False
1	15	10	179	4065	False
1	15	5	136	4067	False
1	15	5	137	4068	False
1	15	7	173	4068	False
1	15	10	180	4069	False
1	15	5	138	4069	False
1	15	7	174	4070	False
1	15	10	181	4074	False
1	15	7	175	4076	False
1	15	5	139	4077	False
1	15	7	176	4077	False
1	15	2	131	4077	False
1	15	5	140	4078	False
1	15	7	177	4078	False
1	15	7	178	4078	False
1	15	5	141	4079	False
1	15	7	179	4079	False
1	15	5	142	4080	False
1	15	7	180	4080	False
1	15	7	181	4080	False
1	15	5	143	4081	False
1	15	10	182	4083	False
1	15	7	182	4085	False
1	15	6	161	4086	False
1	15	6	162	4087	False
1	15	6	163	4089	False
1	15	6	164	4090	False
1	15	5	144	4091	False
1	15	6	165	4093	False
1	15	6	166	4093	False
1	15	7	183	4093	False
1	15	4	131	4095	False
1	15	10	183	4096	False
1	15	5	145	4096	False
1	15	6	167	4097	False
1	15	10	184	4098	False
1	15	6	168	4101	False
1	15	10	185	4103	False
1	15	6	169	4103	False
1	15	5	146	4104	False
1	15	7	184	4107	False
1	15	5	147	4108	False
1	15	10	187	4125	False
1	15	10	188	4125	False
1	15	5	148	4125	False
1	15	14	117	4125	False
1	15	2	133	4132	False
1	15	4	133	4136	False
1	15	7	186	4140	False
1	15	6	174	4153	False
1	15	14	118	4157	False
1	15	10	193	4357	False
1	15	5	153	4357	False
1	15	7	192	4357	False
1	15	4	135	4357	False
1	15	2	134	4357	False
1	15	2	137	4357	False
1	15	13	156	4357	False
1	15	2	138	4361	False
1	15	4	137	4376	False
1	15	13	157	4379	False
1	15	4	138	4383	False
1	15	13	158	4393	False
1	15	2	139	4396	False
1	15	4	139	4397	False
1	15	13	159	4397	False
1	15	13	160	4401	False
1	15	2	140	4402	False
1	15	13	161	4402	False
1	15	13	162	4402	False
1	15	13	163	4403	False
1	15	15	64	4554	False
1	15	10	194	4554	False
1	15	6	193	4554	False
1	15	7	197	4554	False
1	15	4	141	4554	False
1	15	15	65	4688	False
1	15	5	158	4688	False
1	15	3	141	4688	False
1	15	2	145	4688	False
1	15	15	66	4689	False
1	15	4	143	4691	False
1	15	6	203	4714	False
1	15	15	67	5024	False
1	15	10	204	5024	False
1	15	5	165	5024	False
1	15	7	205	5024	False
1	15	7	207	5024	False
1	15	7	208	5024	False
1	15	2	150	5024	False
1	15	14	137	5024	False
1	15	2	152	5026	False
1	15	15	68	5027	False
1	15	15	69	5028	False
1	15	15	70	5029	False
1	15	15	71	5030	False
1	15	15	72	5031	False
1	15	15	73	5032	False
1	15	2	153	5032	False
1	15	15	74	5191	False
1	15	10	205	5191	False
1	15	9	114	5191	False
1	15	5	168	5191	False
1	15	6	231	5191	False
1	15	3	156	5191	False
1	15	3	158	5191	False
1	15	3	168	5191	False
1	15	3	171	5191	False
1	15	3	172	5191	False
1	15	2	156	5191	False
1	15	13	181	5191	False
1	15	13	182	5191	False
1	15	13	183	5191	False
1	15	6	235	5196	False
1	15	13	180	5199	False
1	15	4	152	5202	False
1	15	2	164	5202	False
1	15	13	189	5203	False
1	15	3	173	5209	False
1	15	4	153	5211	False
1	15	15	75	5237	False
1	15	9	115	5237	False
1	15	14	141	5237	False
1	15	13	190	5237	False
1	15	15	76	5246	False
1	15	6	238	5246	False
1	15	15	77	5247	False
1	15	15	78	5518	False
1	15	10	223	5518	False
1	15	6	241	5518	False
1	15	7	220	5518	False
1	15	7	224	5518	False
1	15	7	235	5518	False
1	15	1	68	5518	False
1	15	3	180	5518	False
1	15	3	186	5518	False
1	15	3	187	5518	False
1	15	4	156	5518	False
1	15	4	162	5518	False
1	15	2	169	5518	False
1	15	13	196	5518	False
1	15	13	200	5518	False
1	15	13	207	5518	False
1	15	9	116	5519	False
1	15	13	208	5520	False
1	15	2	175	5521	False
1	15	2	177	5521	False
1	15	13	209	5524	False
1	15	6	242	5531	False
1	15	4	163	5532	False
1	15	6	243	5534	False
1	15	3	188	5536	False
1	15	2	178	5538	False
1	15	3	189	5540	False
1	15	2	179	5541	False
1	15	13	210	5542	False
1	15	7	239	5545	False
1	15	12	137	5545	False
1	15	14	148	5545	False
1	15	9	117	5546	False
1	15	4	164	5546	False
1	15	4	165	5547	False
1	15	4	166	5549	False
1	15	9	118	5555	False
1	15	9	119	5557	False
1	15	2	180	5561	False
1	15	7	240	5567	False
1	15	2	181	5568	False
1	15	2	182	5571	False
1	15	2	183	5574	False
1	15	2	184	5576	False
1	15	12	138	5578	False
1	15	7	241	5579	False
1	15	15	79	5633	False
1	15	1	69	5633	False
1	15	3	192	5633	False
1	15	2	186	5633	False
1	15	13	211	5633	False
1	15	13	212	5633	False
1	15	13	213	5633	False
1	15	2	189	5634	False
1	15	3	195	5636	False
1	15	3	196	5637	False
1	15	3	197	5638	False
1	15	3	198	5639	False
1	15	3	199	5640	False
1	15	3	200	5641	False
1	15	3	201	5642	False
1	15	3	202	5643	False
1	15	3	203	5645	False
1	15	2	190	5645	False
1	15	2	191	5652	False
1	15	2	192	5659	False
1	15	2	193	5660	False
1	15	2	194	5663	False
1	15	2	195	5670	False
1	15	2	196	5670	False
1	15	2	197	5670	False
1	15	2	198	5672	False
1	15	15	80	5778	False
1	15	6	249	5778	False
1	15	1	70	5778	False
1	15	4	168	5778	False
1	15	4	170	5778	False
1	15	4	172	5778	False
1	15	2	205	5778	False
1	15	2	207	5778	False
1	15	13	214	5778	False
1	15	13	219	5778	False
1	15	15	81	5794	False
1	15	1	71	5794	False
1	15	13	223	5794	False
1	15	13	224	5796	False
1	15	4	175	5822	False
1	15	4	176	5825	False
1	15	13	225	5831	False
1	15	15	82	5852	False
1	15	10	228	5852	False
1	15	9	121	5852	False
1	15	5	185	5852	False
1	15	1	72	5852	False
1	15	4	177	5852	False
1	15	4	178	5853	False
1	15	4	179	5861	False
1	15	15	83	5916	False
1	15	9	123	5916	False
1	15	1	73	5916	False
1	15	4	182	5916	False
1	15	1	74	5917	False
1	15	1	75	5919	False
1	15	3	204	5921	False
1	15	15	84	5922	False
1	15	9	124	5922	False
1	15	3	205	5925	False
1	15	9	122	5926	False
1	15	15	85	5927	False
1	15	15	86	5929	False
1	15	13	226	5929	False
1	15	3	206	5930	False
1	15	15	87	5932	False
1	15	14	149	5935	False
1	15	15	88	5936	False
1	15	12	141	5937	False
1	15	4	183	5938	False
1	15	12	142	5938	False
1	15	1	76	5940	False
1	15	4	184	5946	False
1	15	15	89	5950	False
1	15	12	143	5956	False
1	15	7	115	1747	False
1	15	7	116	1747	False
1	15	5	75	1751	False
1	15	5	76	1752	False
1	15	5	77	1752	False
1	15	7	117	1752	False
1	15	5	78	1753	False
1	15	5	79	1753	False
1	15	7	118	1753	False
1	15	7	119	1753	False
1	15	5	80	1754	False
1	15	5	81	1754	False
1	15	5	82	1755	False
1	15	5	83	1755	False
1	15	5	84	1755	False
1	15	5	85	1756	False
1	15	7	120	1756	False
1	15	5	86	1757	False
1	15	5	87	1758	False
1	15	7	121	1797	False
1	15	7	122	1802	False
1	15	7	123	1805	False
1	15	5	89	1963	False
1	15	5	90	1964	False
1	15	5	91	1965	False
1	15	7	125	1965	False
1	15	5	92	1966	False
1	15	7	126	1966	False
1	15	5	93	1967	False
1	15	7	127	1967	False
1	15	5	94	1974	True
1	15	7	128	1989	False
1	15	5	95	2430	False
1	15	5	96	2432	False
1	15	7	130	2433	False
1	15	5	97	2448	False
1	15	5	98	2449	False
1	15	5	99	2453	False
1	15	5	100	2466	False
1	15	5	101	2471	False
1	15	7	131	2472	False
1	15	7	132	2474	False
1	15	14	82	2716	False
1	15	14	83	2717	False
1	15	10	119	2720	False
1	15	10	120	2723	False
1	15	10	121	2725	False
1	15	10	123	2725	False
1	15	10	124	2726	False
1	15	10	134	2783	False
1	15	14	85	2795	False
1	15	10	135	2805	False
1	15	14	86	2807	False
1	15	10	136	2808	False
1	15	14	87	2810	False
1	15	14	88	2822	False
1	15	14	89	2824	False
1	15	5	102	2840	False
1	15	14	90	2840	False
1	15	7	133	2849	False
1	15	14	91	2904	False
1	15	10	138	2908	False
1	15	10	139	2934	False
1	15	14	92	2934	False
1	15	10	141	2937	False
1	15	10	142	2939	False
1	15	14	93	2940	False
1	15	14	94	2942	False
1	15	5	103	2961	False
1	15	7	134	2964	False
1	15	5	104	2971	False
1	15	5	105	2975	False
1	15	7	135	2975	False
1	15	5	106	2978	False
1	15	14	96	2989	False
1	15	14	97	3120	False
1	15	14	98	3126	False
1	15	10	150	3298	False
1	15	10	151	3301	False
1	15	11	34	3320	False
1	15	10	152	3489	False
1	15	10	153	3498	False
1	15	10	154	3502	False
1	15	10	155	3503	False
1	15	10	156	3506	False
1	15	10	157	3507	False
1	15	7	136	3510	False
1	15	7	137	3520	False
1	15	5	107	3526	False
1	15	7	138	3526	False
1	15	10	159	3527	False
1	15	7	139	3530	False
1	15	7	140	3530	False
1	15	5	108	3534	False
1	15	5	109	3537	False
1	15	5	110	3544	False
1	15	7	141	3544	False
1	15	5	111	3545	False
1	15	7	142	3545	False
1	15	7	143	3546	False
1	15	10	160	3550	False
1	15	5	112	3550	False
1	15	10	161	3551	False
1	15	10	162	3553	False
1	15	10	163	3554	False
1	15	5	113	3560	False
1	15	7	147	3586	False
1	15	2	87	3641	False
1	15	2	88	3656	False
1	15	5	117	3659	False
1	15	2	89	3667	False
1	15	2	90	3669	False
1	15	2	91	3673	False
1	15	7	152	3676	False
1	15	2	92	3682	False
1	15	2	93	3682	False
1	15	2	95	3687	False
1	15	5	119	3770	False
1	15	2	101	3777	False
1	15	2	102	3778	False
1	15	2	103	3779	False
1	15	2	104	3783	False
1	15	11	35	3794	False
1	15	10	168	3796	False
1	15	10	169	3797	False
1	15	2	106	3807	False
1	15	2	107	3808	False
1	15	2	109	3810	False
1	15	2	110	3811	False
1	15	4	100	3821	False
1	15	4	101	3826	False
1	15	4	102	3830	False
1	15	2	111	3836	False
1	15	7	157	3843	False
1	15	7	158	3847	False
1	15	11	36	3848	False
1	15	11	37	3849	False
1	15	4	103	3850	False
1	15	4	104	3852	False
1	15	4	106	3854	False
1	15	2	113	3859	False
1	15	4	113	3912	False
1	15	4	117	3937	False
1	15	2	127	3937	False
1	15	7	161	3941	False
1	15	4	118	3949	False
1	15	4	119	3949	False
1	15	4	120	3950	False
1	15	5	123	3951	False
1	15	4	121	3954	False
1	15	4	122	3956	False
1	15	4	123	3958	False
1	15	2	128	3958	False
1	15	2	129	3959	False
1	15	4	125	3961	False
1	15	7	162	3963	False
1	15	11	38	3975	False
1	15	11	39	3976	False
1	15	11	40	3977	False
1	15	11	41	3979	False
1	15	10	170	3982	False
1	15	10	171	3983	False
1	15	10	172	3984	False
1	15	5	124	3984	False
1	15	10	173	3985	False
1	15	5	126	3985	False
1	15	5	127	3985	False
1	15	10	174	3986	False
1	15	10	176	3987	False
1	15	5	128	3995	False
1	15	14	106	3998	False
1	15	14	107	3999	False
1	15	14	108	4000	False
1	15	14	109	4001	False
1	15	14	110	4002	False
1	15	4	132	4109	False
1	15	10	186	4111	False
1	15	6	170	4111	False
1	15	6	171	4111	False
1	15	14	116	4113	False
1	15	6	172	4114	False
1	15	7	185	4114	False
1	15	6	173	4115	False
1	15	10	189	4117	False
1	15	2	132	4118	False
1	15	10	190	4120	False
1	15	5	149	4121	False
1	15	7	187	4144	False
1	15	10	191	4222	False
1	15	14	120	4231	False
1	15	6	175	4234	False
1	15	7	188	4251	False
1	15	5	150	4252	False
1	15	2	135	4273	False
1	15	7	189	4276	False
1	15	7	190	4277	False
1	15	7	191	4278	False
1	15	5	151	4279	False
1	15	6	176	4282	False
1	15	6	177	4283	False
1	15	6	178	4284	False
1	15	10	192	4297	False
1	15	5	152	4297	False
1	15	2	136	4302	False
1	15	5	154	4304	False
1	15	4	134	4305	False
1	15	6	179	4316	False
1	15	13	154	4323	False
1	15	13	155	4325	False
1	15	4	136	4346	False
1	15	6	180	4430	False
1	15	6	181	4431	False
1	15	13	164	4431	False
1	15	6	182	4432	False
1	15	6	183	4433	False
1	15	2	141	4433	False
1	15	6	184	4434	False
1	15	2	142	4434	False
1	15	6	185	4435	False
1	15	6	186	4436	False
1	15	13	165	4445	False
1	15	4	140	4446	False
1	15	7	193	4448	False
1	15	6	194	4576	False
1	15	6	195	4578	False
1	15	6	196	4580	False
1	15	4	142	4591	False
1	15	9	107	4592	False
1	15	5	155	4594	False
1	15	5	156	4595	False
1	15	10	195	4597	False
1	15	5	157	4606	False
1	15	7	198	4612	False
1	15	6	197	4613	False
1	15	6	198	4617	False
1	15	6	199	4620	False
1	15	13	169	4627	False
1	15	6	200	4631	False
1	15	14	131	4643	False
1	15	6	201	4668	False
1	15	7	199	4671	False
1	15	6	202	4676	False
1	15	3	139	4676	False
1	15	3	140	4679	False
1	15	7	200	4686	False
1	15	10	196	4801	False
1	15	7	203	4801	False
1	15	3	143	4801	False
1	15	13	174	4801	False
1	15	10	197	4805	False
1	15	6	206	4805	False
1	15	2	146	4808	False
1	15	10	198	4812	False
1	15	3	144	4815	False
1	15	3	145	4817	False
1	15	3	146	4822	False
1	15	6	207	4823	False
1	15	6	208	4831	False
1	15	6	209	4834	False
1	15	5	161	4836	False
1	15	7	204	4839	False
1	15	6	210	4841	False
1	15	9	110	4851	False
1	15	4	144	4857	False
1	15	11	43	4861	False
1	15	9	111	4862	False
1	15	11	44	4862	False
1	15	11	45	4865	False
1	15	10	199	4882	False
1	15	6	211	4886	False
1	15	6	212	4887	False
1	15	4	145	4892	False
1	15	6	213	4894	False
1	15	4	146	4906	False
1	15	6	214	4914	False
1	15	10	200	4916	False
1	15	7	206	4928	False
1	15	5	162	4929	False
1	15	14	132	4931	False
1	15	5	163	4933	False
1	15	6	215	4933	False
1	15	14	133	4933	False
1	15	5	164	4934	False
1	15	14	134	4936	False
1	15	10	201	4961	False
1	15	6	216	4961	False
1	15	2	147	4961	False
1	15	10	202	4985	False
1	15	13	176	4985	False
1	15	3	147	4986	False
1	15	10	203	4988	False
1	15	9	113	5003	False
1	15	7	209	5016	False
1	15	7	210	5017	False
1	15	2	154	5033	False
1	15	6	217	5034	False
1	15	6	218	5039	False
1	15	6	219	5040	False
1	15	6	220	5041	False
1	15	13	177	5050	False
1	15	3	149	5054	False
1	15	4	148	5056	False
1	15	14	138	5058	False
1	15	3	150	5059	False
1	15	4	149	5059	False
1	15	13	178	5059	False
1	15	3	151	5060	False
1	15	2	155	5060	False
1	15	3	152	5061	False
1	15	14	139	5065	False
1	15	6	221	5066	False
1	15	6	222	5069	False
1	15	6	223	5081	False
1	15	5	166	5083	False
1	15	6	224	5083	False
1	15	3	153	5084	False
1	15	6	225	5086	False
1	15	7	211	5087	False
1	15	6	226	5089	False
1	15	7	212	5091	False
1	15	7	213	5093	False
1	15	2	157	5094	False
1	15	7	214	5101	False
1	15	2	158	5103	False
1	15	7	215	5105	False
1	15	2	159	5105	False
1	15	10	206	5108	False
1	15	7	216	5111	False
1	15	6	227	5114	False
1	15	2	160	5117	False
1	15	5	167	5120	False
1	15	6	228	5124	False
1	15	6	229	5125	False
1	15	6	230	5126	False
1	15	3	154	5135	False
1	15	6	232	5141	False
1	15	4	150	5141	False
1	15	13	179	5142	False
1	15	6	233	5143	False
1	15	3	155	5145	False
1	15	6	234	5151	False
1	15	3	157	5153	False
1	15	3	159	5169	False
1	15	3	160	5170	False
1	15	2	161	5171	False
1	15	3	161	5174	False
1	15	3	162	5175	False
1	15	2	162	5175	False
1	15	3	163	5176	False
1	15	13	184	5176	False
1	15	3	164	5177	False
1	15	3	165	5178	False
1	15	13	185	5179	False
1	15	3	166	5180	False
1	15	2	163	5180	False
1	15	4	151	5181	False
1	15	13	186	5182	False
1	15	13	187	5182	False
1	15	13	188	5184	False
1	15	3	167	5185	False
1	15	3	169	5188	False
1	15	3	170	5189	False
1	15	4	154	5213	False
1	15	6	236	5219	False
1	15	13	191	5221	False
1	15	6	237	5223	False
1	15	14	140	5229	False
1	15	3	174	5231	False
1	15	3	175	5266	False
1	15	13	192	5275	False
1	15	13	193	5275	False
1	15	4	155	5276	False
1	15	12	124	5278	False
1	15	4	157	5280	False
1	15	12	125	5284	False
1	15	2	165	5286	False
1	15	2	166	5287	False
1	15	2	167	5288	False
1	15	2	168	5289	False
1	15	12	126	5289	False
1	15	3	176	5299	False
1	15	13	194	5300	False
1	15	3	177	5302	False
1	15	5	169	5307	False
1	15	5	170	5308	False
1	15	10	207	5310	False
1	15	10	208	5310	False
1	15	2	170	5310	False
1	15	10	209	5312	False
1	15	5	171	5318	False
1	15	4	158	5320	False
1	15	5	172	5324	False
1	15	5	173	5340	False
1	15	12	127	5340	False
1	15	12	128	5340	False
1	15	7	217	5345	False
1	15	12	129	5346	False
1	15	7	218	5359	False
1	15	12	130	5360	False
1	15	12	131	5368	False
1	15	10	210	5430	False
1	15	3	178	5430	False
1	15	12	132	5430	False
1	15	10	211	5432	False
1	15	3	179	5432	False
1	15	10	212	5433	False
1	15	10	213	5434	False
1	15	10	214	5435	False
1	15	10	215	5440	False
1	15	12	136	5440	False
1	15	10	216	5442	False
1	15	13	197	5442	False
1	15	10	217	5443	False
1	15	3	181	5444	False
1	15	3	182	5445	False
1	15	14	142	5447	False
1	15	7	219	5453	False
1	15	10	218	5454	False
1	15	3	183	5455	False
1	15	10	219	5458	False
1	15	10	220	5460	False
1	15	14	143	5460	False
1	15	5	174	5461	False
1	15	14	144	5462	False
1	15	14	145	5463	False
1	15	7	221	5464	False
1	15	14	146	5464	False
1	15	14	147	5465	False
1	15	13	198	5465	False
1	15	13	199	5466	False
1	15	10	221	5468	False
1	15	10	222	5471	False
1	15	5	175	5471	False
1	15	3	184	5472	False
1	15	7	222	5474	False
1	15	7	223	5475	False
1	15	5	176	5478	False
1	15	10	224	5479	False
1	15	10	225	5483	False
1	15	5	177	5483	False
1	15	10	226	5484	False
1	15	10	227	5485	False
1	15	5	178	5486	False
1	15	7	225	5486	False
1	15	7	226	5488	False
1	15	7	227	5488	False
1	15	7	228	5489	False
1	15	13	201	5489	False
1	15	5	179	5490	False
1	15	7	229	5490	False
1	15	7	230	5491	False
1	15	5	180	5492	False
1	15	7	231	5493	False
1	15	7	232	5494	False
1	15	5	181	5495	False
1	15	7	233	5495	False
1	15	7	234	5496	False
1	15	7	236	5497	False
1	15	2	171	5498	False
1	15	2	172	5498	False
1	15	13	202	5498	False
1	15	7	237	5501	False
1	15	2	173	5501	False
1	15	5	182	5502	False
1	15	5	183	5503	False
1	15	2	174	5504	False
1	15	7	238	5505	False
1	15	3	185	5505	False
1	15	13	203	5506	False
1	15	2	176	5507	False
1	15	13	204	5507	False
1	15	13	205	5508	False
1	15	13	206	5509	False
1	15	6	250	5878	False
1	15	4	180	5886	False
1	15	7	93	1581	False
1	15	7	94	1587	False
1	15	7	95	1589	False
1	15	7	108	1731	False
1	15	7	110	1736	False
1	15	7	111	1736	False
1	15	7	112	1742	False
1	15	7	113	1743	False
1	15	7	114	1744	False
1	15	14	102	3447	False
1	15	14	103	3449	False
1	15	14	119	4210	False
1	15	6	187	4450	False
1	15	6	188	4458	False
1	15	7	194	4459	False
1	15	7	195	4461	False
1	15	14	121	4478	False
1	15	6	190	4479	False
1	15	14	122	4479	False
1	15	14	123	4479	False
1	15	14	124	4480	False
1	15	14	125	4483	False
1	15	14	129	4490	False
1	15	7	196	4491	False
1	15	2	143	4496	False
1	15	14	130	4498	False
1	15	2	144	4499	False
1	15	11	42	4521	False
1	15	6	191	4522	False
1	15	6	192	4524	False
1	15	6	204	4737	False
1	15	7	201	4741	False
1	15	9	108	4744	False
1	15	7	202	4753	False
1	15	9	109	4761	False
1	15	5	159	4771	False
1	15	3	142	4789	False
1	15	14	135	4947	False
1	15	14	136	4949	False
1	15	13	175	4965	False
1	15	2	148	4969	False
1	15	4	147	4974	False
1	15	2	149	4976	False
1	15	2	151	4978	False
1	15	3	148	4987	False
1	15	9	112	5000	False
1	15	4	160	5386	False
1	15	6	239	5389	False
1	15	12	134	5421	False
1	15	4	161	5424	False
1	15	3	190	5581	False
1	15	12	139	5584	False
1	15	7	242	5587	False
1	15	2	185	5588	False
1	15	7	243	5590	False
1	15	3	191	5597	False
1	15	2	187	5599	False
1	15	2	188	5613	False
1	15	6	244	5616	False
1	15	9	120	5623	False
1	15	3	193	5626	False
1	15	3	194	5629	False
1	15	2	199	5694	False
1	15	2	203	5716	False
1	15	2	204	5723	False
1	15	6	248	5741	False
1	15	13	215	5741	False
1	15	13	216	5741	False
1	15	4	169	5743	False
1	15	2	208	5743	False
1	15	13	217	5744	False
1	15	13	218	5744	False
1	15	4	171	5745	False
1	15	7	246	5772	False
1	15	7	247	5773	False
1	15	7	248	5775	False
1	15	5	184	5838	False
1	15	4	181	5889	False
1	15	6	251	5901	False
1	15	6	252	5903	False
1	15	6	253	5961	False
1	15	6	254	5963	False
1	15	13	227	5969	False
1	15	13	228	5970	False
1	15	13	229	5976	False
1	15	12	144	5989	False
1	15	12	145	5992	False
1	15	6	205	4758	False
1	15	5	160	4792	False
1	15	13	170	4792	False
1	15	4	159	5384	False
1	15	13	195	5407	False
1	15	6	240	5413	False
1	15	12	133	5417	False
1	15	12	135	5420	False
1	15	6	189	4476	False
1	15	13	168	4476	False
1	15	6	245	5618	False
1	15	6	246	5620	False
1	15	6	247	5708	False
1	15	7	109	1733	False
1	15	13	166	4473	False
1	15	13	167	4474	False
1	15	14	128	4486	False
1	15	13	171	4793	False
1	15	13	172	4794	False
1	15	13	173	4795	False
1	15	7	244	5703	False
1	15	2	200	5707	False
1	15	2	201	5707	False
1	15	2	202	5711	False
1	15	7	245	5731	False
1	15	2	206	5734	False
1	15	4	167	5740	False
1	15	2	209	5747	False
1	15	4	173	5752	False
1	15	2	210	5753	False
1	15	12	140	5753	False
1	15	13	220	5755	False
1	15	2	211	5756	False
1	15	2	212	5756	False
1	15	2	213	5757	False
1	15	13	221	5759	False
1	15	4	174	5762	False
1	15	13	222	5762	False
1	15	14	126	4484	False
1	15	14	127	4485	False
1	19	11	57	5082	False
1	19	11	46	4403	False
1	19	11	50	4624	False
1	19	11	52	4666	False
1	19	11	54	4666	False
1	19	11	55	4668	False
1	19	11	56	4734	False
1	19	11	58	5486	False
1	19	11	59	5492	False
1	19	13	230	5493	False
1	19	13	231	5739	False
1	19	13	232	5751	False
1	19	13	233	5751	False
1	19	13	234	5757	False
1	19	13	235	5767	False
1	19	13	236	5777	False
1	19	13	237	5796	False
1	19	13	238	5800	False
1	19	13	239	5804	False
1	19	13	240	5811	False
1	19	13	241	5820	False
1	19	13	242	5830	False
1	19	13	243	5836	False
1	19	11	47	4550	False
1	19	11	48	4555	False
1	19	11	49	4556	False
1	19	11	51	4625	False
1	19	11	53	4659	False
