tensors_4_in_12_out_dataset.pkl:
Average Precision:
	Camera:	0.8980350494384766
	Boxes:	0.6577320694923401
SIoU score:	0.3109421221165545

ADE:	123.4330062866211

PR_cams:
{'precision': <tf.Tensor: shape=(100,), dtype=float32, numpy=
array([0.27197906, 0.3386389 , 0.40382257, 0.45055702, 0.49839428,
       0.5340082 , 0.56878173, 0.6039667 , 0.6309017 , 0.65944386,
       0.675731  , 0.69502366, 0.7122718 , 0.7228359 , 0.7302852 ,
       0.7418922 , 0.75411713, 0.7585722 , 0.76439077, 0.7693861 ,
       0.773763  , 0.79457754, 0.80122733, 0.80769426, 0.81138706,
       0.8132165 , 0.8161266 , 0.81885546, 0.8243824 , 0.82760257,
       0.8300422 , 0.8324364 , 0.8345733 , 0.83700573, 0.8397797 ,
       0.8465445 , 0.84864694, 0.8530002 , 0.8553217 , 0.8645748 ,
       0.8675413 , 0.87344354, 0.8753008 , 0.8784268 , 0.8800967 ,
       0.8834385 , 0.8915788 , 0.89351743, 0.89521635, 0.89687   ,
       0.8989502 , 0.9002156 , 0.9016259 , 0.90535295, 0.9074103 ,
       0.90941817, 0.9119063 , 0.91499907, 0.9169112 , 0.9188198 ,
       0.9212731 , 0.92318517, 0.9246696 , 0.93032867, 0.93307537,
       0.93517023, 0.9392027 , 0.93991905, 0.9405025 , 0.94345343,
       0.94448763, 0.94525915, 0.946079  , 0.94629276, 0.94697946,
       0.94768745, 0.94917816, 0.9503268 , 0.95123196, 0.95256656,
       0.95420253, 0.955485  , 0.9571936 , 0.9596628 , 0.9601246 ,
       0.9620917 , 0.9626864 , 0.9670927 , 0.9685037 , 0.9683889 ,
       0.9695017 , 0.97086424, 0.97326386, 0.9744978 , 0.98257595,
       0.98307407, 0.9855631 , 0.9921058 , 0.9899053 , 0.9948467 ],
      dtype=float32)>, 'recall': <tf.Tensor: shape=(100,), dtype=float32, numpy=
array([0.98496825, 0.97961533, 0.97379285, 0.9679621 , 0.96409434,
       0.96155494, 0.95849705, 0.9564456 , 0.95343405, 0.9502285 ,
       0.9476948 , 0.94559556, 0.94359446, 0.94092286, 0.9396566 ,
       0.93665785, 0.93426955, 0.9317249 , 0.9305643 , 0.92940235,
       0.9279172 , 0.9263571 , 0.9251308 , 0.92388207, 0.9205911 ,
       0.9151791 , 0.9102006 , 0.9075776 , 0.9043133 , 0.90005183,
       0.8990576 , 0.89771086, 0.89379275, 0.8912985 , 0.8896552 ,
       0.8879642 , 0.88602746, 0.8822552 , 0.87988484, 0.8706523 ,
       0.86715335, 0.8627977 , 0.8582896 , 0.85430926, 0.8495424 ,
       0.8467879 , 0.8391107 , 0.837844  , 0.83531123, 0.83405465,
       0.8323422 , 0.83036125, 0.82841486, 0.8249597 , 0.8230282 ,
       0.816293  , 0.8117994 , 0.8097168 , 0.8078204 , 0.80628616,
       0.8032852 , 0.798502  , 0.7945204 , 0.79027903, 0.7888587 ,
       0.78424066, 0.77972823, 0.7767246 , 0.7666827 , 0.7582175 ,
       0.7533459 , 0.7482444 , 0.7445343 , 0.731399  , 0.72103167,
       0.70401853, 0.7012777 , 0.6973473 , 0.6876194 , 0.67653203,
       0.66264474, 0.64512354, 0.62375253, 0.60191464, 0.56752354,
       0.5411946 , 0.518239  , 0.49894622, 0.48036382, 0.45031914,
       0.416984  , 0.38270497, 0.35289156, 0.28732404, 0.22423545,
       0.16811986, 0.12022465, 0.07937119, 0.03530387, 0.00329752],
      dtype=float32)>}

PR_parts:
{'precision': <tf.Tensor: shape=(100,), dtype=float32, numpy=
array([0.65773207, 0.65773207, 0.65773207, 0.65773207, 0.65773207,
       0.65773207, 0.65773207, 0.65773207, 0.65773207, 0.65773207,
       0.65773207, 0.65773207, 0.65773207, 0.65773207, 0.65773207,
       0.65773207, 0.65773207, 0.65773207, 0.65773207, 0.65773207,
       0.65773207, 0.65773207, 0.65773207, 0.65773207, 0.65773207,
       0.65773207, 0.65773207, 0.65773207, 0.65773207, 0.65773207,
       0.65773207, 0.65773207, 0.65773207, 0.65773207, 0.65773207,
       0.65773207, 0.65773207, 0.65773207, 0.65773207, 0.65773207,
       0.65773207, 0.65773207, 0.65773207, 0.65773207, 0.65773207,
       0.65773207, 0.65773207, 0.65773207, 0.65773207, 0.65773207,
       0.65773207, 0.65773207, 0.65773207, 0.65773207, 0.65773207,
       0.65773207, 0.65773207, 0.65773207, 0.65773207, 0.65773207,
       0.65773207, 0.65773207, 0.65773207, 0.65773207, 0.65773207,
       0.65773207, 0.65773207, 0.65773207, 0.65773207, 0.65773207,
       0.65773207, 0.65773207, 0.65773207, 0.65773207, 0.65773207,
       0.65773207, 0.65773207, 0.65773207, 0.65773207, 0.65773207,
       0.65773207, 0.65773207, 0.65773207, 0.65773207, 0.65773207,
       0.65773207, 0.65773207, 0.65773207, 0.65773207, 0.65773207,
       0.65773207, 0.65773207, 0.65773207, 0.65773207, 0.65773207,
       0.65773207, 0.65773207, 0.65773207, 0.65773207, 0.65773207],
      dtype=float32)>, 'recall': <tf.Tensor: shape=(100,), dtype=float32, numpy=
array([0.65773207, 0.65773207, 0.65773207, 0.65773207, 0.65773207,
       0.65773207, 0.65773207, 0.65773207, 0.65773207, 0.65773207,
       0.65773207, 0.65773207, 0.65773207, 0.65773207, 0.65773207,
       0.65773207, 0.65773207, 0.65773207, 0.65773207, 0.65773207,
       0.65773207, 0.65773207, 0.65773207, 0.65773207, 0.65773207,
       0.65773207, 0.65773207, 0.65773207, 0.65773207, 0.65773207,
       0.65773207, 0.65773207, 0.65773207, 0.65773207, 0.65773207,
       0.65773207, 0.65773207, 0.65773207, 0.65773207, 0.65773207,
       0.65773207, 0.65773207, 0.65773207, 0.65773207, 0.65773207,
       0.65773207, 0.65773207, 0.65773207, 0.65773207, 0.65773207,
       0.65773207, 0.65773207, 0.65773207, 0.65773207, 0.65773207,
       0.65773207, 0.65773207, 0.65773207, 0.65773207, 0.65773207,
       0.65773207, 0.65773207, 0.65773207, 0.65773207, 0.65773207,
       0.65773207, 0.65773207, 0.65773207, 0.65773207, 0.65773207,
       0.65773207, 0.65773207, 0.65773207, 0.65773207, 0.65773207,
       0.65773207, 0.65773207, 0.65773207, 0.65773207, 0.65773207,
       0.65773207, 0.65773207, 0.65773207, 0.65773207, 0.65773207,
       0.65773207, 0.65773207, 0.65773207, 0.65773207, 0.65773207,
       0.65773207, 0.65773207, 0.65773207, 0.65773207, 0.65773207,
       0.65773207, 0.65773207, 0.65773207, 0.65773207, 0.65773207],
      dtype=float32)>}

demo_dataset.pkl:
Average Precision:
	Camera:	0.9169958233833313
	Boxes:	0.659798264503479
SIoU score:	0.36121455026749294

ADE:	106.8743667602539

PR_cams:
{'precision': <tf.Tensor: shape=(100,), dtype=float32, numpy=
array([0.2828024 , 0.35403115, 0.42064542, 0.47036415, 0.5208538 ,
       0.5564571 , 0.5953692 , 0.63195187, 0.6580065 , 0.68657714,
       0.7027057 , 0.72148114, 0.7386376 , 0.74956363, 0.7572528 ,
       0.7687144 , 0.7802468 , 0.7842704 , 0.78936934, 0.7934746 ,
       0.7963333 , 0.81837565, 0.8245646 , 0.83115435, 0.83410573,
       0.8351999 , 0.836686  , 0.8386874 , 0.8428142 , 0.8451487 ,
       0.8472124 , 0.8489857 , 0.8504308 , 0.85260475, 0.8554711 ,
       0.8626433 , 0.86506385, 0.868537  , 0.8709206 , 0.8803261 ,
       0.88349766, 0.8893847 , 0.8912261 , 0.8936613 , 0.89560264,
       0.90000373, 0.90973717, 0.91193867, 0.914017  , 0.9158896 ,
       0.91799015, 0.91981816, 0.9216168 , 0.9269083 , 0.92942137,
       0.93151605, 0.9343326 , 0.937625  , 0.9400459 , 0.9424645 ,
       0.9448514 , 0.94734323, 0.94972605, 0.9545914 , 0.9572541 ,
       0.95975834, 0.9635268 , 0.96399724, 0.96436614, 0.96552825,
       0.9663559 , 0.9669777 , 0.9675387 , 0.96769494, 0.9683089 ,
       0.9689687 , 0.96985483, 0.97066313, 0.9713338 , 0.9726028 ,
       0.97405076, 0.97484636, 0.976339  , 0.97808295, 0.9790543 ,
       0.9803816 , 0.9806944 , 0.9822801 , 0.9829934 , 0.9831764 ,
       0.9839294 , 0.9844145 , 0.98541707, 0.9857799 , 0.9925025 ,
       0.9941666 , 0.99591875, 0.99712926, 0.99537116, 0.9983119 ],
      dtype=float32)>, 'recall': <tf.Tensor: shape=(100,), dtype=float32, numpy=
array([0.9957937 , 0.9936122 , 0.9890694 , 0.9858055 , 0.9829444 ,
       0.98105836, 0.979203  , 0.97747004, 0.97483325, 0.9725752 ,
       0.9701772 , 0.96871436, 0.96640134, 0.9642536 , 0.96316344,
       0.96159387, 0.9586526 , 0.9568618 , 0.9559001 , 0.9548732 ,
       0.9540447 , 0.95300156, 0.9521387 , 0.9510299 , 0.94775456,
       0.94196904, 0.9366846 , 0.93396586, 0.9294363 , 0.9249008 ,
       0.9233397 , 0.92100865, 0.9174885 , 0.91447186, 0.9120558 ,
       0.9098706 , 0.9077041 , 0.90277183, 0.8999156 , 0.8892931 ,
       0.88440543, 0.8800906 , 0.8753669 , 0.870223  , 0.8642669 ,
       0.860974  , 0.8526344 , 0.8509316 , 0.8487838 , 0.847075  ,
       0.8451974 , 0.84296036, 0.841026  , 0.8381812 , 0.83624387,
       0.82943213, 0.8254646 , 0.82396865, 0.82231706, 0.8205691 ,
       0.81830436, 0.81459546, 0.8098441 , 0.80707884, 0.8060972 ,
       0.80297685, 0.80001086, 0.79786426, 0.78900427, 0.78042823,
       0.7767411 , 0.77300084, 0.76967067, 0.75728023, 0.74591124,
       0.729077  , 0.72659755, 0.72246057, 0.7130073 , 0.7015201 ,
       0.68737984, 0.6696242 , 0.6475694 , 0.6265909 , 0.59733605,
       0.572627  , 0.5512771 , 0.53198934, 0.5129186 , 0.4846249 ,
       0.4528611 , 0.4190104 , 0.39265522, 0.31855395, 0.24943744,
       0.18918575, 0.13580912, 0.08859123, 0.03604549, 0.00392231],
      dtype=float32)>}

PR_parts:
{'precision': <tf.Tensor: shape=(100,), dtype=float32, numpy=
array([0.65979826, 0.65979826, 0.65979826, 0.65979826, 0.65979826,
       0.65979826, 0.65979826, 0.65979826, 0.65979826, 0.65979826,
       0.65979826, 0.65979826, 0.65979826, 0.65979826, 0.65979826,
       0.65979826, 0.65979826, 0.65979826, 0.65979826, 0.65979826,
       0.65979826, 0.65979826, 0.65979826, 0.65979826, 0.65979826,
       0.65979826, 0.65979826, 0.65979826, 0.65979826, 0.65979826,
       0.65979826, 0.65979826, 0.65979826, 0.65979826, 0.65979826,
       0.65979826, 0.65979826, 0.65979826, 0.65979826, 0.65979826,
       0.65979826, 0.65979826, 0.65979826, 0.65979826, 0.65979826,
       0.65979826, 0.65979826, 0.65979826, 0.65979826, 0.65979826,
       0.65979826, 0.65979826, 0.65979826, 0.65979826, 0.65979826,
       0.65979826, 0.65979826, 0.65979826, 0.65979826, 0.65979826,
       0.65979826, 0.65979826, 0.65979826, 0.65979826, 0.65979826,
       0.65979826, 0.65979826, 0.65979826, 0.65979826, 0.65979826,
       0.65979826, 0.65979826, 0.65979826, 0.65979826, 0.65979826,
       0.65979826, 0.65979826, 0.65979826, 0.65979826, 0.65979826,
       0.65979826, 0.65979826, 0.65979826, 0.65979826, 0.65979826,
       0.65979826, 0.65979826, 0.65979826, 0.65979826, 0.65979826,
       0.65979826, 0.65979826, 0.65979826, 0.65979826, 0.65979826,
       0.65979826, 0.65979826, 0.65979826, 0.65979826, 0.65979826],
      dtype=float32)>, 'recall': <tf.Tensor: shape=(100,), dtype=float32, numpy=
array([0.65979826, 0.65979826, 0.65979826, 0.65979826, 0.65979826,
       0.65979826, 0.65979826, 0.65979826, 0.65979826, 0.65979826,
       0.65979826, 0.65979826, 0.65979826, 0.65979826, 0.65979826,
       0.65979826, 0.65979826, 0.65979826, 0.65979826, 0.65979826,
       0.65979826, 0.65979826, 0.65979826, 0.65979826, 0.65979826,
       0.65979826, 0.65979826, 0.65979826, 0.65979826, 0.65979826,
       0.65979826, 0.65979826, 0.65979826, 0.65979826, 0.65979826,
       0.65979826, 0.65979826, 0.65979826, 0.65979826, 0.65979826,
       0.65979826, 0.65979826, 0.65979826, 0.65979826, 0.65979826,
       0.65979826, 0.65979826, 0.65979826, 0.65979826, 0.65979826,
       0.65979826, 0.65979826, 0.65979826, 0.65979826, 0.65979826,
       0.65979826, 0.65979826, 0.65979826, 0.65979826, 0.65979826,
       0.65979826, 0.65979826, 0.65979826, 0.65979826, 0.65979826,
       0.65979826, 0.65979826, 0.65979826, 0.65979826, 0.65979826,
       0.65979826, 0.65979826, 0.65979826, 0.65979826, 0.65979826,
       0.65979826, 0.65979826, 0.65979826, 0.65979826, 0.65979826,
       0.65979826, 0.65979826, 0.65979826, 0.65979826, 0.65979826,
       0.65979826, 0.65979826, 0.65979826, 0.65979826, 0.65979826,
       0.65979826, 0.65979826, 0.65979826, 0.65979826, 0.65979826,
       0.65979826, 0.65979826, 0.65979826, 0.65979826, 0.65979826],
      dtype=float32)>}

